{"/home/spencer/mountain/nlp_compromise/src/index.js":{"path":"/home/spencer/mountain/nlp_compromise/src/index.js","s":{"1":1,"2":1,"3":1,"4":1,"5":1,"6":1,"7":1,"8":1,"9":1,"10":1,"11":1,"12":1,"13":1,"14":1,"15":0,"16":280,"17":52,"18":28,"19":3,"20":80,"21":9,"22":0,"23":25,"24":58,"25":0,"26":0,"27":1,"28":1,"29":0,"30":1},"b":{"1":[0,1],"2":[1,1]},"f":{"1":0,"2":280,"3":52,"4":28,"5":3,"6":80,"7":9,"8":0,"9":25,"10":58,"11":0,"12":0},"fnMap":{"1":{"name":"(anonymous_1)","line":25,"loc":{"start":{"line":25,"column":9},"end":{"line":25,"column":21}}},"2":{"name":"(anonymous_2)","line":28,"loc":{"start":{"line":28,"column":9},"end":{"line":28,"column":21}}},"3":{"name":"(anonymous_3)","line":31,"loc":{"start":{"line":31,"column":11},"end":{"line":31,"column":23}}},"4":{"name":"(anonymous_4)","line":34,"loc":{"start":{"line":34,"column":14},"end":{"line":34,"column":26}}},"5":{"name":"(anonymous_5)","line":37,"loc":{"start":{"line":37,"column":13},"end":{"line":37,"column":25}}},"6":{"name":"(anonymous_6)","line":40,"loc":{"start":{"line":40,"column":9},"end":{"line":40,"column":21}}},"7":{"name":"(anonymous_7)","line":43,"loc":{"start":{"line":43,"column":9},"end":{"line":43,"column":21}}},"8":{"name":"(anonymous_8)","line":46,"loc":{"start":{"line":46,"column":11},"end":{"line":46,"column":23}}},"9":{"name":"(anonymous_9)","line":49,"loc":{"start":{"line":49,"column":9},"end":{"line":49,"column":21}}},"10":{"name":"(anonymous_10)","line":52,"loc":{"start":{"line":52,"column":10},"end":{"line":52,"column":22}}},"11":{"name":"(anonymous_11)","line":55,"loc":{"start":{"line":55,"column":10},"end":{"line":55,"column":22}}},"12":{"name":"(anonymous_12)","line":58,"loc":{"start":{"line":58,"column":17},"end":{"line":58,"column":29}}}},"statementMap":{"1":{"start":{"line":2,"column":0},"end":{"line":2,"column":39}},"2":{"start":{"line":3,"column":0},"end":{"line":3,"column":39}},"3":{"start":{"line":4,"column":0},"end":{"line":4,"column":51}},"4":{"start":{"line":5,"column":0},"end":{"line":5,"column":44}},"5":{"start":{"line":6,"column":0},"end":{"line":6,"column":59}},"6":{"start":{"line":7,"column":0},"end":{"line":7,"column":50}},"7":{"start":{"line":9,"column":0},"end":{"line":9,"column":44}},"8":{"start":{"line":10,"column":0},"end":{"line":10,"column":52}},"9":{"start":{"line":11,"column":0},"end":{"line":11,"column":55}},"10":{"start":{"line":12,"column":0},"end":{"line":12,"column":52}},"11":{"start":{"line":13,"column":0},"end":{"line":13,"column":50}},"12":{"start":{"line":14,"column":0},"end":{"line":14,"column":73}},"13":{"start":{"line":16,"column":0},"end":{"line":16,"column":40}},"14":{"start":{"line":19,"column":0},"end":{"line":62,"column":2}},"15":{"start":{"line":26,"column":4},"end":{"line":26,"column":23}},"16":{"start":{"line":29,"column":4},"end":{"line":29,"column":23}},"17":{"start":{"line":32,"column":4},"end":{"line":32,"column":25}},"18":{"start":{"line":35,"column":4},"end":{"line":35,"column":28}},"19":{"start":{"line":38,"column":4},"end":{"line":38,"column":27}},"20":{"start":{"line":41,"column":4},"end":{"line":41,"column":23}},"21":{"start":{"line":44,"column":4},"end":{"line":44,"column":23}},"22":{"start":{"line":47,"column":4},"end":{"line":47,"column":25}},"23":{"start":{"line":50,"column":4},"end":{"line":50,"column":24}},"24":{"start":{"line":53,"column":4},"end":{"line":53,"column":24}},"25":{"start":{"line":56,"column":4},"end":{"line":56,"column":24}},"26":{"start":{"line":59,"column":4},"end":{"line":59,"column":31}},"27":{"start":{"line":64,"column":0},"end":{"line":64,"column":14}},"28":{"start":{"line":70,"column":0},"end":{"line":72,"column":1}},"29":{"start":{"line":71,"column":2},"end":{"line":71,"column":17}},"30":{"start":{"line":73,"column":0},"end":{"line":73,"column":21}}},"branchMap":{"1":{"line":70,"type":"if","locations":[{"start":{"line":70,"column":0},"end":{"line":70,"column":0}},{"start":{"line":70,"column":0},"end":{"line":70,"column":0}}]},"2":{"line":70,"type":"binary-expr","locations":[{"start":{"line":70,"column":4},"end":{"line":70,"column":30}},{"start":{"line":70,"column":34},"end":{"line":70,"column":82}}]}}},"/home/spencer/mountain/nlp_compromise/src/term/term.js":{"path":"/home/spencer/mountain/nlp_compromise/src/term/term.js","s":{"1":1,"2":1,"3":1,"4":1,"5":3657,"6":1,"7":3657,"8":3657,"9":3657,"10":3657,"11":3657,"12":3657,"13":3668,"14":3668,"15":3668,"16":3668,"17":2130,"18":384,"19":1746,"20":393,"21":3695,"22":3695,"23":3695,"24":3695,"25":3695,"26":3695,"27":3695,"28":3695,"29":8,"30":3687,"31":3687,"32":1706,"33":18,"34":8,"35":1},"b":{"1":[1,3656],"2":[3657,3656],"3":[3657,3559],"4":[3668,4],"5":[384,1746],"6":[3695,5],"7":[8,3687]},"f":{"1":3657,"2":3668,"3":2130,"4":393,"5":3695,"6":1706,"7":18,"8":8},"fnMap":{"1":{"name":"(anonymous_1)","line":8,"loc":{"start":{"line":8,"column":13},"end":{"line":8,"column":24}}},"2":{"name":"(anonymous_2)","line":25,"loc":{"start":{"line":25,"column":10},"end":{"line":25,"column":16}}},"3":{"name":"(anonymous_3)","line":33,"loc":{"start":{"line":33,"column":12},"end":{"line":33,"column":15}}},"4":{"name":"(anonymous_4)","line":39,"loc":{"start":{"line":39,"column":12},"end":{"line":39,"column":15}}},"5":{"name":"(anonymous_5)","line":43,"loc":{"start":{"line":43,"column":11},"end":{"line":43,"column":14}}},"6":{"name":"(anonymous_6)","line":59,"loc":{"start":{"line":59,"column":13},"end":{"line":59,"column":16}}},"7":{"name":"(anonymous_7)","line":62,"loc":{"start":{"line":62,"column":12},"end":{"line":62,"column":15}}},"8":{"name":"(anonymous_8)","line":65,"loc":{"start":{"line":65,"column":11},"end":{"line":65,"column":14}}}},"statementMap":{"1":{"start":{"line":2,"column":0},"end":{"line":2,"column":41}},"2":{"start":{"line":3,"column":0},"end":{"line":3,"column":43}},"3":{"start":{"line":4,"column":0},"end":{"line":4,"column":57}},"4":{"start":{"line":5,"column":0},"end":{"line":5,"column":55}},"5":{"start":{"line":9,"column":4},"end":{"line":11,"column":5}},"6":{"start":{"line":10,"column":6},"end":{"line":10,"column":15}},"7":{"start":{"line":12,"column":4},"end":{"line":12,"column":27}},"8":{"start":{"line":13,"column":4},"end":{"line":13,"column":23}},"9":{"start":{"line":14,"column":4},"end":{"line":14,"column":21}},"10":{"start":{"line":15,"column":4},"end":{"line":20,"column":6}},"11":{"start":{"line":21,"column":4},"end":{"line":21,"column":18}},"12":{"start":{"line":22,"column":4},"end":{"line":22,"column":33}},"13":{"start":{"line":26,"column":4},"end":{"line":26,"column":20}},"14":{"start":{"line":27,"column":4},"end":{"line":27,"column":27}},"15":{"start":{"line":28,"column":4},"end":{"line":28,"column":21}},"16":{"start":{"line":29,"column":4},"end":{"line":29,"column":21}},"17":{"start":{"line":34,"column":4},"end":{"line":36,"column":5}},"18":{"start":{"line":35,"column":6},"end":{"line":35,"column":18}},"19":{"start":{"line":37,"column":4},"end":{"line":37,"column":17}},"20":{"start":{"line":40,"column":4},"end":{"line":40,"column":33}},"21":{"start":{"line":44,"column":4},"end":{"line":44,"column":30}},"22":{"start":{"line":45,"column":4},"end":{"line":45,"column":28}},"23":{"start":{"line":46,"column":4},"end":{"line":46,"column":44}},"24":{"start":{"line":47,"column":4},"end":{"line":47,"column":34}},"25":{"start":{"line":48,"column":4},"end":{"line":48,"column":32}},"26":{"start":{"line":50,"column":4},"end":{"line":50,"column":72}},"27":{"start":{"line":52,"column":4},"end":{"line":52,"column":71}},"28":{"start":{"line":53,"column":4},"end":{"line":55,"column":5}},"29":{"start":{"line":54,"column":6},"end":{"line":54,"column":16}},"30":{"start":{"line":56,"column":4},"end":{"line":56,"column":22}},"31":{"start":{"line":57,"column":4},"end":{"line":57,"column":23}},"32":{"start":{"line":60,"column":4},"end":{"line":60,"column":36}},"33":{"start":{"line":63,"column":4},"end":{"line":63,"column":35}},"34":{"start":{"line":66,"column":4},"end":{"line":66,"column":34}},"35":{"start":{"line":73,"column":0},"end":{"line":73,"column":22}}},"branchMap":{"1":{"line":9,"type":"if","locations":[{"start":{"line":9,"column":4},"end":{"line":9,"column":4}},{"start":{"line":9,"column":4},"end":{"line":9,"column":4}}]},"2":{"line":9,"type":"binary-expr","locations":[{"start":{"line":9,"column":8},"end":{"line":9,"column":20}},{"start":{"line":9,"column":24},"end":{"line":9,"column":41}}]},"3":{"line":22,"type":"binary-expr","locations":[{"start":{"line":22,"column":15},"end":{"line":22,"column":25}},{"start":{"line":22,"column":29},"end":{"line":22,"column":32}}]},"4":{"line":26,"type":"binary-expr","locations":[{"start":{"line":26,"column":10},"end":{"line":26,"column":13}},{"start":{"line":26,"column":17},"end":{"line":26,"column":19}}]},"5":{"line":34,"type":"if","locations":[{"start":{"line":34,"column":4},"end":{"line":34,"column":4}},{"start":{"line":34,"column":4},"end":{"line":34,"column":4}}]},"6":{"line":44,"type":"binary-expr","locations":[{"start":{"line":44,"column":14},"end":{"line":44,"column":23}},{"start":{"line":44,"column":27},"end":{"line":44,"column":29}}]},"7":{"line":53,"type":"if","locations":[{"start":{"line":53,"column":4},"end":{"line":53,"column":4}},{"start":{"line":53,"column":4},"end":{"line":53,"column":4}}]}}},"/home/spencer/mountain/nlp_compromise/src/term/syllables.js":{"path":"/home/spencer/mountain/nlp_compromise/src/term/syllables.js","s":{"1":1,"2":8,"3":31,"4":8,"5":31,"6":8,"7":8,"8":8,"9":7,"10":7,"11":21,"12":1,"13":1,"14":8,"15":1,"16":8,"17":8,"18":30,"19":30,"20":30,"21":30,"22":30,"23":30,"24":61,"25":61,"26":61,"27":61,"28":61,"29":21,"30":0,"31":0,"32":21,"33":21,"34":40,"35":1,"36":1,"37":1,"38":8,"39":8,"40":0,"41":8,"42":8,"43":8,"44":8,"45":0,"46":8,"47":24,"48":8,"49":1},"b":{"1":[7,1],"2":[1,20],"3":[21,40],"4":[61,24],"5":[0,21],"6":[1,39],"7":[8,0],"8":[8,1],"9":[0,0],"10":[0,8],"11":[24,24,24]},"f":{"1":8,"2":31,"3":31,"4":8,"5":30,"6":8,"7":24},"fnMap":{"1":{"name":"postprocess","line":5,"loc":{"start":{"line":5,"column":0},"end":{"line":5,"column":26}}},"2":{"name":"(anonymous_2)","line":7,"loc":{"start":{"line":7,"column":16},"end":{"line":7,"column":28}}},"3":{"name":"(anonymous_3)","line":10,"loc":{"start":{"line":10,"column":19},"end":{"line":10,"column":31}}},"4":{"name":"(anonymous_4)","line":34,"loc":{"start":{"line":34,"column":18},"end":{"line":34,"column":32}}},"5":{"name":"(anonymous_5)","line":38,"loc":{"start":{"line":38,"column":15},"end":{"line":38,"column":27}}},"6":{"name":"(anonymous_6)","line":74,"loc":{"start":{"line":74,"column":28},"end":{"line":74,"column":40}}},"7":{"name":"(anonymous_7)","line":84,"loc":{"start":{"line":84,"column":19},"end":{"line":84,"column":31}}}},"statementMap":{"1":{"start":{"line":5,"column":0},"end":{"line":32,"column":1}},"2":{"start":{"line":7,"column":2},"end":{"line":9,"column":5}},"3":{"start":{"line":8,"column":4},"end":{"line":8,"column":20}},"4":{"start":{"line":10,"column":2},"end":{"line":12,"column":5}},"5":{"start":{"line":11,"column":4},"end":{"line":11,"column":20}},"6":{"start":{"line":16,"column":2},"end":{"line":20,"column":4}},"7":{"start":{"line":21,"column":2},"end":{"line":21,"column":23}},"8":{"start":{"line":22,"column":2},"end":{"line":30,"column":3}},"9":{"start":{"line":23,"column":4},"end":{"line":23,"column":43}},"10":{"start":{"line":24,"column":4},"end":{"line":29,"column":5}},"11":{"start":{"line":25,"column":6},"end":{"line":28,"column":7}},"12":{"start":{"line":26,"column":8},"end":{"line":26,"column":45}},"13":{"start":{"line":27,"column":8},"end":{"line":27,"column":18}},"14":{"start":{"line":31,"column":2},"end":{"line":31,"column":13}},"15":{"start":{"line":34,"column":0},"end":{"line":89,"column":2}},"16":{"start":{"line":35,"column":2},"end":{"line":35,"column":15}},"17":{"start":{"line":38,"column":2},"end":{"line":72,"column":4}},"18":{"start":{"line":39,"column":4},"end":{"line":39,"column":28}},"19":{"start":{"line":40,"column":4},"end":{"line":40,"column":30}},"20":{"start":{"line":41,"column":4},"end":{"line":41,"column":20}},"21":{"start":{"line":42,"column":4},"end":{"line":42,"column":19}},"22":{"start":{"line":43,"column":4},"end":{"line":43,"column":21}},"23":{"start":{"line":44,"column":4},"end":{"line":65,"column":5}},"24":{"start":{"line":45,"column":6},"end":{"line":45,"column":42}},"25":{"start":{"line":46,"column":6},"end":{"line":46,"column":25}},"26":{"start":{"line":47,"column":6},"end":{"line":47,"column":56}},"27":{"start":{"line":48,"column":6},"end":{"line":48,"column":40}},"28":{"start":{"line":51,"column":6},"end":{"line":58,"column":7}},"29":{"start":{"line":52,"column":8},"end":{"line":55,"column":9}},"30":{"start":{"line":53,"column":10},"end":{"line":53,"column":27}},"31":{"start":{"line":54,"column":10},"end":{"line":54,"column":42}},"32":{"start":{"line":56,"column":8},"end":{"line":56,"column":28}},"33":{"start":{"line":57,"column":8},"end":{"line":57,"column":27}},"34":{"start":{"line":60,"column":6},"end":{"line":64,"column":7}},"35":{"start":{"line":61,"column":8},"end":{"line":61,"column":25}},"36":{"start":{"line":62,"column":8},"end":{"line":62,"column":26}},"37":{"start":{"line":63,"column":8},"end":{"line":63,"column":27}},"38":{"start":{"line":67,"column":4},"end":{"line":71,"column":5}},"39":{"start":{"line":68,"column":6},"end":{"line":68,"column":18}},"40":{"start":{"line":70,"column":6},"end":{"line":70,"column":62}},"41":{"start":{"line":74,"column":2},"end":{"line":76,"column":5}},"42":{"start":{"line":75,"column":4},"end":{"line":75,"column":12}},"43":{"start":{"line":77,"column":2},"end":{"line":77,"column":25}},"44":{"start":{"line":80,"column":2},"end":{"line":82,"column":3}},"45":{"start":{"line":81,"column":4},"end":{"line":81,"column":16}},"46":{"start":{"line":84,"column":2},"end":{"line":86,"column":5}},"47":{"start":{"line":85,"column":4},"end":{"line":85,"column":53}},"48":{"start":{"line":88,"column":2},"end":{"line":88,"column":13}},"49":{"start":{"line":93,"column":0},"end":{"line":93,"column":27}}},"branchMap":{"1":{"line":22,"type":"if","locations":[{"start":{"line":22,"column":2},"end":{"line":22,"column":2}},{"start":{"line":22,"column":2},"end":{"line":22,"column":2}}]},"2":{"line":25,"type":"if","locations":[{"start":{"line":25,"column":6},"end":{"line":25,"column":6}},{"start":{"line":25,"column":6},"end":{"line":25,"column":6}}]},"3":{"line":51,"type":"if","locations":[{"start":{"line":51,"column":6},"end":{"line":51,"column":6}},{"start":{"line":51,"column":6},"end":{"line":51,"column":6}}]},"4":{"line":51,"type":"binary-expr","locations":[{"start":{"line":51,"column":10},"end":{"line":51,"column":27}},{"start":{"line":51,"column":31},"end":{"line":51,"column":50}}]},"5":{"line":52,"type":"if","locations":[{"start":{"line":52,"column":8},"end":{"line":52,"column":8}},{"start":{"line":52,"column":8},"end":{"line":52,"column":8}}]},"6":{"line":60,"type":"if","locations":[{"start":{"line":60,"column":6},"end":{"line":60,"column":6}},{"start":{"line":60,"column":6},"end":{"line":60,"column":6}}]},"7":{"line":67,"type":"if","locations":[{"start":{"line":67,"column":4},"end":{"line":67,"column":4}},{"start":{"line":67,"column":4},"end":{"line":67,"column":4}}]},"8":{"line":67,"type":"binary-expr","locations":[{"start":{"line":67,"column":8},"end":{"line":67,"column":28}},{"start":{"line":67,"column":32},"end":{"line":67,"column":48}}]},"9":{"line":70,"type":"binary-expr","locations":[{"start":{"line":70,"column":29},"end":{"line":70,"column":48}},{"start":{"line":70,"column":52},"end":{"line":70,"column":54}}]},"10":{"line":80,"type":"if","locations":[{"start":{"line":80,"column":2},"end":{"line":80,"column":2}},{"start":{"line":80,"column":2},"end":{"line":80,"column":2}}]},"11":{"line":85,"type":"binary-expr","locations":[{"start":{"line":85,"column":11},"end":{"line":85,"column":19}},{"start":{"line":85,"column":23},"end":{"line":85,"column":33}},{"start":{"line":85,"column":37},"end":{"line":85,"column":52}}]}}},"/home/spencer/mountain/nlp_compromise/src/term/is_acronym.js":{"path":"/home/spencer/mountain/nlp_compromise/src/term/is_acronym.js","s":{"1":1,"2":401,"3":5,"4":396,"5":1,"6":395,"7":1},"b":{"1":[5,396],"2":[1,395]},"f":{"1":401},"fnMap":{"1":{"name":"(anonymous_1)","line":2,"loc":{"start":{"line":2,"column":19},"end":{"line":2,"column":33}}}},"statementMap":{"1":{"start":{"line":2,"column":0},"end":{"line":12,"column":2}},"2":{"start":{"line":4,"column":2},"end":{"line":6,"column":3}},"3":{"start":{"line":5,"column":4},"end":{"line":5,"column":16}},"4":{"start":{"line":8,"column":2},"end":{"line":10,"column":3}},"5":{"start":{"line":9,"column":4},"end":{"line":9,"column":16}},"6":{"start":{"line":11,"column":2},"end":{"line":11,"column":15}},"7":{"start":{"line":13,"column":0},"end":{"line":13,"column":28}}},"branchMap":{"1":{"line":4,"type":"if","locations":[{"start":{"line":4,"column":2},"end":{"line":4,"column":2}},{"start":{"line":4,"column":2},"end":{"line":4,"column":2}}]},"2":{"line":8,"type":"if","locations":[{"start":{"line":8,"column":2},"end":{"line":8,"column":2}},{"start":{"line":8,"column":2},"end":{"line":8,"column":2}}]}}},"/home/spencer/mountain/nlp_compromise/src/term/localization/toAmerican.js":{"path":"/home/spencer/mountain/nlp_compromise/src/term/localization/toAmerican.js","s":{"1":1,"2":155,"3":155,"4":1,"5":1,"6":1706,"7":153,"8":1553,"9":1553,"10":10,"11":1543,"12":9822,"13":1543,"14":0,"15":1},"b":{"1":[153,1553],"2":[10,1543],"3":[1543,8279]},"f":{"1":155,"2":1706},"fnMap":{"1":{"name":"(anonymous_1)","line":4,"loc":{"start":{"line":4,"column":50},"end":{"line":4,"column":65}}},"2":{"name":"(anonymous_2)","line":249,"loc":{"start":{"line":249,"column":20},"end":{"line":249,"column":34}}}},"statementMap":{"1":{"start":{"line":4,"column":0},"end":{"line":7,"column":7}},"2":{"start":{"line":5,"column":2},"end":{"line":5,"column":17}},"3":{"start":{"line":6,"column":2},"end":{"line":6,"column":11}},"4":{"start":{"line":10,"column":0},"end":{"line":247,"column":2}},"5":{"start":{"line":249,"column":0},"end":{"line":264,"column":2}},"6":{"start":{"line":250,"column":2},"end":{"line":252,"column":3}},"7":{"start":{"line":251,"column":4},"end":{"line":251,"column":27}},"8":{"start":{"line":253,"column":2},"end":{"line":253,"column":37}},"9":{"start":{"line":254,"column":2},"end":{"line":256,"column":3}},"10":{"start":{"line":255,"column":4},"end":{"line":255,"column":36}},"11":{"start":{"line":257,"column":2},"end":{"line":261,"column":3}},"12":{"start":{"line":258,"column":4},"end":{"line":260,"column":5}},"13":{"start":{"line":259,"column":6},"end":{"line":259,"column":60}},"14":{"start":{"line":263,"column":2},"end":{"line":263,"column":13}},"15":{"start":{"line":272,"column":0},"end":{"line":272,"column":29}}},"branchMap":{"1":{"line":250,"type":"if","locations":[{"start":{"line":250,"column":2},"end":{"line":250,"column":2}},{"start":{"line":250,"column":2},"end":{"line":250,"column":2}}]},"2":{"line":254,"type":"if","locations":[{"start":{"line":254,"column":2},"end":{"line":254,"column":2}},{"start":{"line":254,"column":2},"end":{"line":254,"column":2}}]},"3":{"line":258,"type":"if","locations":[{"start":{"line":258,"column":4},"end":{"line":258,"column":4}},{"start":{"line":258,"column":4},"end":{"line":258,"column":4}}]}}},"/home/spencer/mountain/nlp_compromise/src/term/localization/exceptions.js":{"path":"/home/spencer/mountain/nlp_compromise/src/term/localization/exceptions.js","s":{"1":1},"b":{},"f":{},"fnMap":{},"statementMap":{"1":{"start":{"line":2,"column":0},"end":{"line":172,"column":2}}},"branchMap":{}},"/home/spencer/mountain/nlp_compromise/src/term/localization/toBritish.js":{"path":"/home/spencer/mountain/nlp_compromise/src/term/localization/toBritish.js","s":{"1":1,"2":155,"3":155,"4":1,"5":1,"6":18,"7":5,"8":13,"9":13,"10":0,"11":13,"12":21,"13":13,"14":0,"15":1},"b":{"1":[5,13],"2":[0,13],"3":[13,8]},"f":{"1":155,"2":18},"fnMap":{"1":{"name":"(anonymous_1)","line":5,"loc":{"start":{"line":5,"column":50},"end":{"line":5,"column":65}}},"2":{"name":"(anonymous_2)","line":294,"loc":{"start":{"line":294,"column":19},"end":{"line":294,"column":33}}}},"statementMap":{"1":{"start":{"line":5,"column":0},"end":{"line":8,"column":7}},"2":{"start":{"line":6,"column":2},"end":{"line":6,"column":17}},"3":{"start":{"line":7,"column":2},"end":{"line":7,"column":11}},"4":{"start":{"line":10,"column":0},"end":{"line":292,"column":2}},"5":{"start":{"line":294,"column":0},"end":{"line":308,"column":2}},"6":{"start":{"line":295,"column":2},"end":{"line":297,"column":3}},"7":{"start":{"line":296,"column":4},"end":{"line":296,"column":27}},"8":{"start":{"line":298,"column":2},"end":{"line":298,"column":37}},"9":{"start":{"line":299,"column":2},"end":{"line":301,"column":3}},"10":{"start":{"line":300,"column":4},"end":{"line":300,"column":30}},"11":{"start":{"line":302,"column":2},"end":{"line":306,"column":3}},"12":{"start":{"line":303,"column":4},"end":{"line":305,"column":5}},"13":{"start":{"line":304,"column":6},"end":{"line":304,"column":60}},"14":{"start":{"line":307,"column":2},"end":{"line":307,"column":13}},"15":{"start":{"line":313,"column":0},"end":{"line":313,"column":28}}},"branchMap":{"1":{"line":295,"type":"if","locations":[{"start":{"line":295,"column":2},"end":{"line":295,"column":2}},{"start":{"line":295,"column":2},"end":{"line":295,"column":2}}]},"2":{"line":299,"type":"if","locations":[{"start":{"line":299,"column":2},"end":{"line":299,"column":2}},{"start":{"line":299,"column":2},"end":{"line":299,"column":2}}]},"3":{"line":303,"type":"if","locations":[{"start":{"line":303,"column":4},"end":{"line":303,"column":4}},{"start":{"line":303,"column":4},"end":{"line":303,"column":4}}]}}},"/home/spencer/mountain/nlp_compromise/src/text/text.js":{"path":"/home/spencer/mountain/nlp_compromise/src/text/text.js","s":{"1":1,"2":1,"3":1,"4":1,"5":80,"6":80,"7":98,"8":6,"9":6,"10":22,"11":6,"12":6,"13":6,"14":6,"15":21,"16":22,"17":21,"18":0,"19":0,"20":0,"21":16,"22":16,"23":0,"24":0,"25":0,"26":2,"27":2,"28":2,"29":2,"30":2,"31":2,"32":4,"33":4,"34":5,"35":4,"36":3,"37":3,"38":5,"39":3,"40":4,"41":4,"42":5,"43":4,"44":3,"45":3,"46":4,"47":3,"48":2,"49":2,"50":3,"51":2,"52":1},"b":{"1":[80,0]},"f":{"1":80,"2":98,"3":6,"4":22,"5":6,"6":6,"7":21,"8":22,"9":0,"10":0,"11":16,"12":16,"13":0,"14":0,"15":2,"16":2,"17":2,"18":2,"19":2,"20":2,"21":4,"22":3,"23":4,"24":3,"25":2},"fnMap":{"1":{"name":"(anonymous_1)","line":9,"loc":{"start":{"line":9,"column":13},"end":{"line":9,"column":19}}},"2":{"name":"(anonymous_2)","line":11,"loc":{"start":{"line":11,"column":46},"end":{"line":11,"column":58}}},"3":{"name":"(anonymous_3)","line":17,"loc":{"start":{"line":17,"column":7},"end":{"line":17,"column":17}}},"4":{"name":"(anonymous_4)","line":19,"loc":{"start":{"line":19,"column":22},"end":{"line":19,"column":34}}},"5":{"name":"(anonymous_5)","line":26,"loc":{"start":{"line":26,"column":6},"end":{"line":26,"column":9}}},"6":{"name":"(anonymous_6)","line":27,"loc":{"start":{"line":27,"column":35},"end":{"line":27,"column":47}}},"7":{"name":"(anonymous_7)","line":32,"loc":{"start":{"line":32,"column":7},"end":{"line":32,"column":10}}},"8":{"name":"(anonymous_8)","line":33,"loc":{"start":{"line":33,"column":35},"end":{"line":33,"column":47}}},"9":{"name":"(anonymous_9)","line":38,"loc":{"start":{"line":38,"column":12},"end":{"line":38,"column":15}}},"10":{"name":"(anonymous_10)","line":39,"loc":{"start":{"line":39,"column":35},"end":{"line":39,"column":47}}},"11":{"name":"(anonymous_11)","line":44,"loc":{"start":{"line":44,"column":6},"end":{"line":44,"column":9}}},"12":{"name":"(anonymous_12)","line":45,"loc":{"start":{"line":45,"column":30},"end":{"line":45,"column":42}}},"13":{"name":"(anonymous_13)","line":49,"loc":{"start":{"line":49,"column":11},"end":{"line":49,"column":14}}},"14":{"name":"(anonymous_14)","line":50,"loc":{"start":{"line":50,"column":33},"end":{"line":50,"column":50}}},"15":{"name":"(anonymous_15)","line":55,"loc":{"start":{"line":55,"column":9},"end":{"line":55,"column":12}}},"16":{"name":"(anonymous_16)","line":56,"loc":{"start":{"line":56,"column":30},"end":{"line":56,"column":42}}},"17":{"name":"(anonymous_17)","line":60,"loc":{"start":{"line":60,"column":12},"end":{"line":60,"column":15}}},"18":{"name":"(anonymous_18)","line":61,"loc":{"start":{"line":61,"column":30},"end":{"line":61,"column":42}}},"19":{"name":"(anonymous_19)","line":65,"loc":{"start":{"line":65,"column":11},"end":{"line":65,"column":14}}},"20":{"name":"(anonymous_20)","line":66,"loc":{"start":{"line":66,"column":30},"end":{"line":66,"column":42}}},"21":{"name":"(anonymous_21)","line":71,"loc":{"start":{"line":71,"column":8},"end":{"line":71,"column":11}}},"22":{"name":"(anonymous_22)","line":78,"loc":{"start":{"line":78,"column":8},"end":{"line":78,"column":11}}},"23":{"name":"(anonymous_23)","line":85,"loc":{"start":{"line":85,"column":15},"end":{"line":85,"column":18}}},"24":{"name":"(anonymous_24)","line":92,"loc":{"start":{"line":92,"column":7},"end":{"line":92,"column":10}}},"25":{"name":"(anonymous_25)","line":99,"loc":{"start":{"line":99,"column":8},"end":{"line":99,"column":11}}}},"statementMap":{"1":{"start":{"line":2,"column":0},"end":{"line":2,"column":56}},"2":{"start":{"line":3,"column":0},"end":{"line":3,"column":52}},"3":{"start":{"line":4,"column":0},"end":{"line":4,"column":36}},"4":{"start":{"line":5,"column":0},"end":{"line":5,"column":33}},"5":{"start":{"line":10,"column":4},"end":{"line":10,"column":25}},"6":{"start":{"line":11,"column":4},"end":{"line":13,"column":7}},"7":{"start":{"line":12,"column":6},"end":{"line":12,"column":29}},"8":{"start":{"line":18,"column":4},"end":{"line":18,"column":29}},"9":{"start":{"line":19,"column":4},"end":{"line":21,"column":7}},"10":{"start":{"line":20,"column":6},"end":{"line":20,"column":22}},"11":{"start":{"line":22,"column":4},"end":{"line":22,"column":33}},"12":{"start":{"line":27,"column":4},"end":{"line":29,"column":7}},"13":{"start":{"line":28,"column":6},"end":{"line":28,"column":22}},"14":{"start":{"line":30,"column":4},"end":{"line":30,"column":38}},"15":{"start":{"line":33,"column":4},"end":{"line":35,"column":7}},"16":{"start":{"line":34,"column":6},"end":{"line":34,"column":21}},"17":{"start":{"line":36,"column":4},"end":{"line":36,"column":28}},"18":{"start":{"line":39,"column":4},"end":{"line":41,"column":7}},"19":{"start":{"line":40,"column":6},"end":{"line":40,"column":28}},"20":{"start":{"line":42,"column":4},"end":{"line":42,"column":38}},"21":{"start":{"line":45,"column":4},"end":{"line":47,"column":7}},"22":{"start":{"line":46,"column":6},"end":{"line":46,"column":22}},"23":{"start":{"line":50,"column":4},"end":{"line":53,"column":11}},"24":{"start":{"line":51,"column":6},"end":{"line":51,"column":38}},"25":{"start":{"line":52,"column":6},"end":{"line":52,"column":17}},"26":{"start":{"line":56,"column":4},"end":{"line":58,"column":7}},"27":{"start":{"line":57,"column":6},"end":{"line":57,"column":25}},"28":{"start":{"line":61,"column":4},"end":{"line":63,"column":7}},"29":{"start":{"line":62,"column":6},"end":{"line":62,"column":28}},"30":{"start":{"line":66,"column":4},"end":{"line":68,"column":7}},"31":{"start":{"line":67,"column":6},"end":{"line":67,"column":27}},"32":{"start":{"line":72,"column":4},"end":{"line":72,"column":17}},"33":{"start":{"line":73,"column":4},"end":{"line":75,"column":5}},"34":{"start":{"line":74,"column":6},"end":{"line":74,"column":51}},"35":{"start":{"line":76,"column":4},"end":{"line":76,"column":15}},"36":{"start":{"line":79,"column":4},"end":{"line":79,"column":17}},"37":{"start":{"line":80,"column":4},"end":{"line":82,"column":5}},"38":{"start":{"line":81,"column":6},"end":{"line":81,"column":51}},"39":{"start":{"line":83,"column":4},"end":{"line":83,"column":15}},"40":{"start":{"line":86,"column":4},"end":{"line":86,"column":17}},"41":{"start":{"line":87,"column":4},"end":{"line":89,"column":5}},"42":{"start":{"line":88,"column":6},"end":{"line":88,"column":58}},"43":{"start":{"line":90,"column":4},"end":{"line":90,"column":15}},"44":{"start":{"line":93,"column":4},"end":{"line":93,"column":17}},"45":{"start":{"line":94,"column":4},"end":{"line":96,"column":5}},"46":{"start":{"line":95,"column":6},"end":{"line":95,"column":50}},"47":{"start":{"line":97,"column":4},"end":{"line":97,"column":15}},"48":{"start":{"line":100,"column":4},"end":{"line":100,"column":17}},"49":{"start":{"line":101,"column":4},"end":{"line":103,"column":5}},"50":{"start":{"line":102,"column":6},"end":{"line":102,"column":51}},"51":{"start":{"line":104,"column":4},"end":{"line":104,"column":15}},"52":{"start":{"line":108,"column":0},"end":{"line":108,"column":22}}},"branchMap":{"1":{"line":10,"type":"binary-expr","locations":[{"start":{"line":10,"column":15},"end":{"line":10,"column":18}},{"start":{"line":10,"column":22},"end":{"line":10,"column":24}}]}}},"/home/spencer/mountain/nlp_compromise/src/text/sentence_parser.js":{"path":"/home/spencer/mountain/nlp_compromise/src/text/sentence_parser.js","s":{"1":1,"2":1,"3":80,"4":80,"5":80,"6":80,"7":80,"8":80,"9":80,"10":204,"11":140,"12":140,"13":27,"14":113,"15":97,"16":97,"17":80,"18":1,"19":79,"20":1},"b":{"1":[140,64],"2":[27,113],"3":[140,60,123,117],"4":[27,0],"5":[27,1],"6":[97,16],"7":[113,97],"8":[1,79]},"f":{"1":80},"fnMap":{"1":{"name":"(anonymous_1)","line":7,"loc":{"start":{"line":7,"column":24},"end":{"line":7,"column":39}}}},"statementMap":{"1":{"start":{"line":5,"column":0},"end":{"line":5,"column":67}},"2":{"start":{"line":7,"column":0},"end":{"line":38,"column":2}},"3":{"start":{"line":8,"column":2},"end":{"line":8,"column":23}},"4":{"start":{"line":10,"column":2},"end":{"line":10,"column":57}},"5":{"start":{"line":13,"column":2},"end":{"line":13,"column":85}},"6":{"start":{"line":14,"column":2},"end":{"line":14,"column":57}},"7":{"start":{"line":15,"column":2},"end":{"line":15,"column":48}},"8":{"start":{"line":18,"column":2},"end":{"line":18,"column":38}},"9":{"start":{"line":19,"column":2},"end":{"line":31,"column":3}},"10":{"start":{"line":20,"column":4},"end":{"line":30,"column":5}},"11":{"start":{"line":22,"column":6},"end":{"line":22,"column":54}},"12":{"start":{"line":24,"column":6},"end":{"line":29,"column":7}},"13":{"start":{"line":25,"column":8},"end":{"line":25,"column":94}},"14":{"start":{"line":26,"column":13},"end":{"line":29,"column":7}},"15":{"start":{"line":27,"column":8},"end":{"line":27,"column":34}},"16":{"start":{"line":28,"column":8},"end":{"line":28,"column":23}},"17":{"start":{"line":33,"column":2},"end":{"line":35,"column":3}},"18":{"start":{"line":34,"column":4},"end":{"line":34,"column":18}},"19":{"start":{"line":37,"column":2},"end":{"line":37,"column":19}},"20":{"start":{"line":40,"column":0},"end":{"line":40,"column":33}}},"branchMap":{"1":{"line":20,"type":"if","locations":[{"start":{"line":20,"column":4},"end":{"line":20,"column":4}},{"start":{"line":20,"column":4},"end":{"line":20,"column":4}}]},"2":{"line":24,"type":"if","locations":[{"start":{"line":24,"column":6},"end":{"line":24,"column":6}},{"start":{"line":24,"column":6},"end":{"line":24,"column":6}}]},"3":{"line":24,"type":"binary-expr","locations":[{"start":{"line":24,"column":10},"end":{"line":24,"column":23}},{"start":{"line":24,"column":27},"end":{"line":24,"column":54}},{"start":{"line":24,"column":58},"end":{"line":24,"column":86}},{"start":{"line":24,"column":90},"end":{"line":24,"column":118}}]},"4":{"line":25,"type":"binary-expr","locations":[{"start":{"line":25,"column":26},"end":{"line":25,"column":35}},{"start":{"line":25,"column":39},"end":{"line":25,"column":41}}]},"5":{"line":25,"type":"binary-expr","locations":[{"start":{"line":25,"column":52},"end":{"line":25,"column":65}},{"start":{"line":25,"column":69},"end":{"line":25,"column":71}}]},"6":{"line":26,"type":"if","locations":[{"start":{"line":26,"column":13},"end":{"line":26,"column":13}},{"start":{"line":26,"column":13},"end":{"line":26,"column":13}}]},"7":{"line":26,"type":"binary-expr","locations":[{"start":{"line":26,"column":17},"end":{"line":26,"column":26}},{"start":{"line":26,"column":30},"end":{"line":26,"column":50}}]},"8":{"line":33,"type":"if","locations":[{"start":{"line":33,"column":2},"end":{"line":33,"column":2}},{"start":{"line":33,"column":2},"end":{"line":33,"column":2}}]}}},"/home/spencer/mountain/nlp_compromise/src/data/abbreviations.js":{"path":"/home/spencer/mountain/nlp_compromise/src/data/abbreviations.js","s":{"1":1,"2":1,"3":1,"4":1,"5":1,"6":1,"7":1,"8":1,"9":1,"10":1},"b":{},"f":{},"fnMap":{},"statementMap":{"1":{"start":{"line":4,"column":0},"end":{"line":4,"column":45}},"2":{"start":{"line":7,"column":0},"end":{"line":10,"column":2}},"3":{"start":{"line":13,"column":0},"end":{"line":13,"column":32}},"4":{"start":{"line":16,"column":0},"end":{"line":20,"column":2}},"5":{"start":{"line":21,"column":0},"end":{"line":21,"column":25}},"6":{"start":{"line":24,"column":0},"end":{"line":27,"column":2}},"7":{"start":{"line":28,"column":0},"end":{"line":28,"column":27}},"8":{"start":{"line":32,"column":0},"end":{"line":32,"column":105}},"9":{"start":{"line":33,"column":0},"end":{"line":33,"column":26}},"10":{"start":{"line":35,"column":0},"end":{"line":40,"column":2}}},"branchMap":{}},"/home/spencer/mountain/nlp_compromise/src/data/honourifics.js":{"path":"/home/spencer/mountain/nlp_compromise/src/data/honourifics.js","s":{"1":1},"b":{},"f":{},"fnMap":{},"statementMap":{"1":{"start":{"line":3,"column":0},"end":{"line":54,"column":2}}},"branchMap":{}},"/home/spencer/mountain/nlp_compromise/src/sentence/sentence.js":{"path":"/home/spencer/mountain/nlp_compromise/src/sentence/sentence.js","s":{"1":1,"2":1,"3":1,"4":1,"5":1,"6":101,"7":101,"8":101,"9":440,"10":440,"11":101,"12":4,"13":4,"14":4,"15":3,"16":1,"17":0,"18":0,"19":0,"20":0,"21":0,"22":3,"23":2,"24":6,"25":2,"26":2,"27":6,"28":2,"29":2,"30":6,"31":2,"32":0,"33":6,"34":218,"35":0,"36":0,"37":0,"38":5,"39":31,"40":5,"41":23,"42":4,"43":19,"44":5,"45":26,"46":3,"47":14,"48":1},"b":{"1":[101,0],"2":[4,0],"3":[3,1],"4":[0,0],"5":[2,4],"6":[2,4],"7":[2,4]},"f":{"1":101,"2":440,"3":4,"4":0,"5":0,"6":3,"7":2,"8":6,"9":2,"10":6,"11":2,"12":6,"13":0,"14":6,"15":218,"16":0,"17":0,"18":5,"19":31,"20":5,"21":23,"22":4,"23":19,"24":5,"25":26,"26":3,"27":14},"fnMap":{"1":{"name":"(anonymous_1)","line":11,"loc":{"start":{"line":11,"column":13},"end":{"line":11,"column":19}}},"2":{"name":"(anonymous_2)","line":14,"loc":{"start":{"line":14,"column":27},"end":{"line":14,"column":42}}},"3":{"name":"(anonymous_3)","line":26,"loc":{"start":{"line":26,"column":12},"end":{"line":26,"column":15}}},"4":{"name":"(anonymous_4)","line":36,"loc":{"start":{"line":36,"column":5},"end":{"line":36,"column":8}}},"5":{"name":"(anonymous_5)","line":42,"loc":{"start":{"line":42,"column":15},"end":{"line":42,"column":18}}},"6":{"name":"(anonymous_6)","line":52,"loc":{"start":{"line":52,"column":12},"end":{"line":52,"column":15}}},"7":{"name":"(anonymous_7)","line":56,"loc":{"start":{"line":56,"column":9},"end":{"line":56,"column":12}}},"8":{"name":"(anonymous_8)","line":57,"loc":{"start":{"line":57,"column":23},"end":{"line":57,"column":35}}},"9":{"name":"(anonymous_9)","line":63,"loc":{"start":{"line":63,"column":12},"end":{"line":63,"column":15}}},"10":{"name":"(anonymous_10)","line":64,"loc":{"start":{"line":64,"column":23},"end":{"line":64,"column":35}}},"11":{"name":"(anonymous_11)","line":70,"loc":{"start":{"line":70,"column":11},"end":{"line":70,"column":14}}},"12":{"name":"(anonymous_12)","line":71,"loc":{"start":{"line":71,"column":23},"end":{"line":71,"column":35}}},"13":{"name":"(anonymous_13)","line":79,"loc":{"start":{"line":79,"column":12},"end":{"line":79,"column":15}}},"14":{"name":"(anonymous_14)","line":82,"loc":{"start":{"line":82,"column":6},"end":{"line":82,"column":9}}},"15":{"name":"(anonymous_15)","line":85,"loc":{"start":{"line":85,"column":6},"end":{"line":85,"column":9}}},"16":{"name":"(anonymous_16)","line":88,"loc":{"start":{"line":88,"column":11},"end":{"line":88,"column":14}}},"17":{"name":"(anonymous_17)","line":89,"loc":{"start":{"line":89,"column":29},"end":{"line":89,"column":46}}},"18":{"name":"(anonymous_18)","line":95,"loc":{"start":{"line":95,"column":8},"end":{"line":95,"column":11}}},"19":{"name":"(anonymous_19)","line":96,"loc":{"start":{"line":96,"column":29},"end":{"line":96,"column":41}}},"20":{"name":"(anonymous_20)","line":100,"loc":{"start":{"line":100,"column":8},"end":{"line":100,"column":11}}},"21":{"name":"(anonymous_21)","line":101,"loc":{"start":{"line":101,"column":29},"end":{"line":101,"column":41}}},"22":{"name":"(anonymous_22)","line":105,"loc":{"start":{"line":105,"column":7},"end":{"line":105,"column":10}}},"23":{"name":"(anonymous_23)","line":106,"loc":{"start":{"line":106,"column":29},"end":{"line":106,"column":41}}},"24":{"name":"(anonymous_24)","line":110,"loc":{"start":{"line":110,"column":15},"end":{"line":110,"column":18}}},"25":{"name":"(anonymous_25)","line":111,"loc":{"start":{"line":111,"column":29},"end":{"line":111,"column":41}}},"26":{"name":"(anonymous_26)","line":115,"loc":{"start":{"line":115,"column":8},"end":{"line":115,"column":11}}},"27":{"name":"(anonymous_27)","line":116,"loc":{"start":{"line":116,"column":29},"end":{"line":116,"column":41}}}},"statementMap":{"1":{"start":{"line":2,"column":0},"end":{"line":2,"column":40}},"2":{"start":{"line":3,"column":0},"end":{"line":3,"column":33}},"3":{"start":{"line":4,"column":0},"end":{"line":4,"column":42}},"4":{"start":{"line":5,"column":0},"end":{"line":5,"column":48}},"5":{"start":{"line":6,"column":0},"end":{"line":6,"column":52}},"6":{"start":{"line":12,"column":4},"end":{"line":12,"column":25}},"7":{"start":{"line":13,"column":4},"end":{"line":13,"column":33}},"8":{"start":{"line":14,"column":4},"end":{"line":19,"column":7}},"9":{"start":{"line":15,"column":6},"end":{"line":17,"column":8}},"10":{"start":{"line":18,"column":6},"end":{"line":18,"column":31}},"11":{"start":{"line":20,"column":4},"end":{"line":20,"column":30}},"12":{"start":{"line":27,"column":4},"end":{"line":27,"column":36}},"13":{"start":{"line":28,"column":4},"end":{"line":28,"column":43}},"14":{"start":{"line":29,"column":4},"end":{"line":31,"column":5}},"15":{"start":{"line":30,"column":6},"end":{"line":30,"column":19}},"16":{"start":{"line":32,"column":4},"end":{"line":32,"column":15}},"17":{"start":{"line":37,"column":4},"end":{"line":37,"column":30}},"18":{"start":{"line":38,"column":4},"end":{"line":38,"column":22}},"19":{"start":{"line":43,"column":4},"end":{"line":43,"column":35}},"20":{"start":{"line":44,"column":4},"end":{"line":48,"column":6}},"21":{"start":{"line":49,"column":4},"end":{"line":49,"column":40}},"22":{"start":{"line":53,"column":4},"end":{"line":53,"column":31}},"23":{"start":{"line":57,"column":4},"end":{"line":61,"column":7}},"24":{"start":{"line":58,"column":6},"end":{"line":60,"column":7}},"25":{"start":{"line":59,"column":8},"end":{"line":59,"column":20}},"26":{"start":{"line":64,"column":4},"end":{"line":68,"column":7}},"27":{"start":{"line":65,"column":6},"end":{"line":67,"column":7}},"28":{"start":{"line":66,"column":8},"end":{"line":66,"column":23}},"29":{"start":{"line":71,"column":4},"end":{"line":75,"column":7}},"30":{"start":{"line":72,"column":6},"end":{"line":74,"column":7}},"31":{"start":{"line":73,"column":8},"end":{"line":73,"column":22}},"32":{"start":{"line":80,"column":4},"end":{"line":80,"column":53}},"33":{"start":{"line":83,"column":4},"end":{"line":83,"column":51}},"34":{"start":{"line":86,"column":4},"end":{"line":86,"column":40}},"35":{"start":{"line":89,"column":4},"end":{"line":92,"column":11}},"36":{"start":{"line":90,"column":6},"end":{"line":90,"column":38}},"37":{"start":{"line":91,"column":6},"end":{"line":91,"column":17}},"38":{"start":{"line":96,"column":4},"end":{"line":98,"column":7}},"39":{"start":{"line":97,"column":6},"end":{"line":97,"column":29}},"40":{"start":{"line":101,"column":4},"end":{"line":103,"column":7}},"41":{"start":{"line":102,"column":6},"end":{"line":102,"column":28}},"42":{"start":{"line":106,"column":4},"end":{"line":108,"column":7}},"43":{"start":{"line":107,"column":6},"end":{"line":107,"column":27}},"44":{"start":{"line":111,"column":4},"end":{"line":113,"column":7}},"45":{"start":{"line":112,"column":6},"end":{"line":112,"column":35}},"46":{"start":{"line":116,"column":4},"end":{"line":118,"column":7}},"47":{"start":{"line":117,"column":6},"end":{"line":117,"column":28}},"48":{"start":{"line":122,"column":0},"end":{"line":122,"column":26}}},"branchMap":{"1":{"line":12,"type":"binary-expr","locations":[{"start":{"line":12,"column":15},"end":{"line":12,"column":18}},{"start":{"line":12,"column":22},"end":{"line":12,"column":24}}]},"2":{"line":28,"type":"binary-expr","locations":[{"start":{"line":28,"column":18},"end":{"line":28,"column":36}},{"start":{"line":28,"column":40},"end":{"line":28,"column":42}}]},"3":{"line":29,"type":"if","locations":[{"start":{"line":29,"column":4},"end":{"line":29,"column":4}},{"start":{"line":29,"column":4},"end":{"line":29,"column":4}}]},"4":{"line":49,"type":"binary-expr","locations":[{"start":{"line":49,"column":11},"end":{"line":49,"column":22}},{"start":{"line":49,"column":26},"end":{"line":49,"column":39}}]},"5":{"line":58,"type":"if","locations":[{"start":{"line":58,"column":6},"end":{"line":58,"column":6}},{"start":{"line":58,"column":6},"end":{"line":58,"column":6}}]},"6":{"line":65,"type":"if","locations":[{"start":{"line":65,"column":6},"end":{"line":65,"column":6}},{"start":{"line":65,"column":6},"end":{"line":65,"column":6}}]},"7":{"line":72,"type":"if","locations":[{"start":{"line":72,"column":6},"end":{"line":72,"column":6}},{"start":{"line":72,"column":6},"end":{"line":72,"column":6}}]}}},"/home/spencer/mountain/nlp_compromise/src/fns.js":{"path":"/home/spencer/mountain/nlp_compromise/src/fns.js","s":{"1":1,"2":226,"3":226,"4":1016,"5":1,"6":27,"7":27,"8":28,"9":27,"10":1,"11":18502,"12":6971,"13":11531,"14":11983,"15":11518,"16":13,"17":1,"18":6,"19":24,"20":0,"21":24,"22":1,"23":64100,"24":1,"25":23,"26":0,"27":23},"b":{"1":[226,0],"2":[6971,11531],"3":[18502,18502],"4":[11518,465],"5":[0,24],"6":[24,24],"7":[0,23]},"f":{"1":226,"2":1016,"3":27,"4":28,"5":18502,"6":6,"7":24,"8":64100,"9":23},"fnMap":{"1":{"name":"(anonymous_1)","line":2,"loc":{"start":{"line":2,"column":16},"end":{"line":2,"column":35}}},"2":{"name":"(anonymous_2)","line":4,"loc":{"start":{"line":4,"column":17},"end":{"line":4,"column":29}}},"3":{"name":"(anonymous_3)","line":9,"loc":{"start":{"line":9,"column":18},"end":{"line":9,"column":32}}},"4":{"name":"(anonymous_4)","line":11,"loc":{"start":{"line":11,"column":14},"end":{"line":11,"column":26}}},"5":{"name":"(anonymous_5)","line":17,"loc":{"start":{"line":17,"column":18},"end":{"line":17,"column":38}}},"6":{"name":"(anonymous_6)","line":29,"loc":{"start":{"line":29,"column":18},"end":{"line":29,"column":32}}},"7":{"name":"(anonymous_7)","line":30,"loc":{"start":{"line":30,"column":20},"end":{"line":30,"column":32}}},"8":{"name":"(anonymous_8)","line":39,"loc":{"start":{"line":39,"column":19},"end":{"line":39,"column":41}}},"9":{"name":"(anonymous_9)","line":43,"loc":{"start":{"line":43,"column":20},"end":{"line":43,"column":34}}}},"statementMap":{"1":{"start":{"line":2,"column":0},"end":{"line":7,"column":2}},"2":{"start":{"line":3,"column":2},"end":{"line":3,"column":18}},"3":{"start":{"line":4,"column":2},"end":{"line":6,"column":5}},"4":{"start":{"line":5,"column":4},"end":{"line":5,"column":18}},"5":{"start":{"line":9,"column":0},"end":{"line":15,"column":2}},"6":{"start":{"line":10,"column":2},"end":{"line":10,"column":15}},"7":{"start":{"line":11,"column":2},"end":{"line":13,"column":5}},"8":{"start":{"line":12,"column":4},"end":{"line":12,"column":24}},"9":{"start":{"line":14,"column":2},"end":{"line":14,"column":13}},"10":{"start":{"line":17,"column":0},"end":{"line":27,"column":2}},"11":{"start":{"line":18,"column":2},"end":{"line":20,"column":3}},"12":{"start":{"line":19,"column":4},"end":{"line":19,"column":16}},"13":{"start":{"line":21,"column":2},"end":{"line":25,"column":3}},"14":{"start":{"line":22,"column":4},"end":{"line":24,"column":5}},"15":{"start":{"line":23,"column":6},"end":{"line":23,"column":19}},"16":{"start":{"line":26,"column":2},"end":{"line":26,"column":14}},"17":{"start":{"line":29,"column":0},"end":{"line":36,"column":2}},"18":{"start":{"line":30,"column":2},"end":{"line":35,"column":5}},"19":{"start":{"line":31,"column":4},"end":{"line":33,"column":5}},"20":{"start":{"line":32,"column":6},"end":{"line":32,"column":19}},"21":{"start":{"line":34,"column":4},"end":{"line":34,"column":16}},"22":{"start":{"line":39,"column":0},"end":{"line":41,"column":2}},"23":{"start":{"line":40,"column":2},"end":{"line":40,"column":64}},"24":{"start":{"line":43,"column":0},"end":{"line":48,"column":2}},"25":{"start":{"line":44,"column":2},"end":{"line":46,"column":3}},"26":{"start":{"line":45,"column":4},"end":{"line":45,"column":14}},"27":{"start":{"line":47,"column":2},"end":{"line":47,"column":52}}},"branchMap":{"1":{"line":3,"type":"binary-expr","locations":[{"start":{"line":3,"column":8},"end":{"line":3,"column":11}},{"start":{"line":3,"column":15},"end":{"line":3,"column":17}}]},"2":{"line":18,"type":"if","locations":[{"start":{"line":18,"column":2},"end":{"line":18,"column":2}},{"start":{"line":18,"column":2},"end":{"line":18,"column":2}}]},"3":{"line":18,"type":"binary-expr","locations":[{"start":{"line":18,"column":6},"end":{"line":18,"column":32}},{"start":{"line":18,"column":36},"end":{"line":18,"column":62}}]},"4":{"line":22,"type":"if","locations":[{"start":{"line":22,"column":4},"end":{"line":22,"column":4}},{"start":{"line":22,"column":4},"end":{"line":22,"column":4}}]},"5":{"line":31,"type":"if","locations":[{"start":{"line":31,"column":4},"end":{"line":31,"column":4}},{"start":{"line":31,"column":4},"end":{"line":31,"column":4}}]},"6":{"line":31,"type":"binary-expr","locations":[{"start":{"line":31,"column":8},"end":{"line":31,"column":23}},{"start":{"line":31,"column":27},"end":{"line":31,"column":37}}]},"7":{"line":44,"type":"if","locations":[{"start":{"line":44,"column":2},"end":{"line":44,"column":2}},{"start":{"line":44,"column":2},"end":{"line":44,"column":2}}]}}},"/home/spencer/mountain/nlp_compromise/src/sentence/pos/tagger.js":{"path":"/home/spencer/mountain/nlp_compromise/src/sentence/pos/tagger.js","s":{"1":1,"2":1,"3":1,"4":1,"5":1,"6":1,"7":1,"8":1,"9":1,"10":653,"11":653,"12":653,"13":653,"14":1,"15":101,"16":440,"17":333,"18":107,"19":0,"20":0,"21":107,"22":0,"23":0,"24":0,"25":0,"26":0,"27":107,"28":1,"29":101,"30":0,"31":101,"32":339,"33":50,"34":101,"35":1,"36":101,"37":440,"38":347,"39":93,"40":9641,"41":18,"42":18,"43":101,"44":1,"45":202,"46":202,"47":202,"48":841,"49":841,"50":19,"51":19,"52":822,"53":841,"54":202,"55":1,"56":202,"57":202,"58":841,"59":18502,"60":18502,"61":13,"62":26,"63":202,"64":1,"65":202,"66":822,"67":60,"68":202,"69":1,"70":202,"71":814,"72":814,"73":337,"74":115,"75":222,"76":25,"77":197,"78":11,"79":186,"80":7,"81":179,"82":8,"83":202,"84":1,"85":101,"86":101,"87":101,"88":101,"89":101,"90":202,"91":202,"92":202,"93":202,"94":202,"95":202,"96":202,"97":101,"98":1},"b":{"1":[653,0],"2":[333,107],"3":[0,107],"4":[0,107],"5":[0,0],"6":[0,0],"7":[0,101],"8":[50,289],"9":[339,292],"10":[347,93],"11":[18,9623],"12":[9641,4979],"13":[19,822],"14":[841,639],"15":[13,18489],"16":[60,762],"17":[822,70],"18":[337,477],"19":[115,222],"20":[25,197],"21":[11,186],"22":[7,179],"23":[8,171]},"f":{"1":653,"2":101,"3":440,"4":101,"5":101,"6":202,"7":202,"8":202,"9":202,"10":101},"fnMap":{"1":{"name":"(anonymous_1)","line":13,"loc":{"start":{"line":13,"column":15},"end":{"line":13,"column":40}}},"2":{"name":"(anonymous_2)","line":21,"loc":{"start":{"line":21,"column":21},"end":{"line":21,"column":37}}},"3":{"name":"(anonymous_3)","line":22,"loc":{"start":{"line":22,"column":19},"end":{"line":22,"column":31}}},"4":{"name":"(anonymous_4)","line":47,"loc":{"start":{"line":47,"column":24},"end":{"line":47,"column":40}}},"5":{"name":"(anonymous_5)","line":62,"loc":{"start":{"line":62,"column":24},"end":{"line":62,"column":40}}},"6":{"name":"(anonymous_6)","line":78,"loc":{"start":{"line":78,"column":25},"end":{"line":78,"column":41}}},"7":{"name":"(anonymous_7)","line":96,"loc":{"start":{"line":96,"column":27},"end":{"line":96,"column":39}}},"8":{"name":"(anonymous_8)","line":113,"loc":{"start":{"line":113,"column":22},"end":{"line":113,"column":38}}},"9":{"name":"(anonymous_9)","line":123,"loc":{"start":{"line":123,"column":21},"end":{"line":123,"column":37}}},"10":{"name":"(anonymous_10)","line":143,"loc":{"start":{"line":143,"column":15},"end":{"line":143,"column":27}}}},"statementMap":{"1":{"start":{"line":3,"column":0},"end":{"line":3,"column":47}},"2":{"start":{"line":4,"column":0},"end":{"line":4,"column":44}},"3":{"start":{"line":5,"column":0},"end":{"line":5,"column":43}},"4":{"start":{"line":6,"column":0},"end":{"line":6,"column":49}},"5":{"start":{"line":7,"column":0},"end":{"line":7,"column":49}},"6":{"start":{"line":8,"column":0},"end":{"line":8,"column":49}},"7":{"start":{"line":9,"column":0},"end":{"line":9,"column":33}},"8":{"start":{"line":10,"column":0},"end":{"line":10,"column":41}},"9":{"start":{"line":13,"column":0},"end":{"line":18,"column":2}},"10":{"start":{"line":14,"column":2},"end":{"line":14,"column":44}},"11":{"start":{"line":15,"column":2},"end":{"line":15,"column":25}},"12":{"start":{"line":16,"column":2},"end":{"line":16,"column":20}},"13":{"start":{"line":17,"column":2},"end":{"line":17,"column":11}},"14":{"start":{"line":21,"column":0},"end":{"line":44,"column":2}},"15":{"start":{"line":22,"column":2},"end":{"line":43,"column":5}},"16":{"start":{"line":24,"column":4},"end":{"line":26,"column":5}},"17":{"start":{"line":25,"column":6},"end":{"line":25,"column":58}},"18":{"start":{"line":28,"column":4},"end":{"line":31,"column":5}},"19":{"start":{"line":29,"column":6},"end":{"line":29,"column":78}},"20":{"start":{"line":30,"column":6},"end":{"line":30,"column":59}},"21":{"start":{"line":33,"column":4},"end":{"line":41,"column":5}},"22":{"start":{"line":34,"column":6},"end":{"line":34,"column":38}},"23":{"start":{"line":35,"column":6},"end":{"line":37,"column":7}},"24":{"start":{"line":36,"column":8},"end":{"line":36,"column":60}},"25":{"start":{"line":38,"column":6},"end":{"line":40,"column":7}},"26":{"start":{"line":39,"column":8},"end":{"line":39,"column":60}},"27":{"start":{"line":42,"column":4},"end":{"line":42,"column":13}},"28":{"start":{"line":47,"column":0},"end":{"line":59,"column":2}},"29":{"start":{"line":49,"column":2},"end":{"line":51,"column":3}},"30":{"start":{"line":50,"column":4},"end":{"line":50,"column":51}},"31":{"start":{"line":53,"column":2},"end":{"line":57,"column":3}},"32":{"start":{"line":54,"column":4},"end":{"line":56,"column":5}},"33":{"start":{"line":55,"column":6},"end":{"line":55,"column":60}},"34":{"start":{"line":58,"column":2},"end":{"line":58,"column":15}},"35":{"start":{"line":62,"column":0},"end":{"line":75,"column":2}},"36":{"start":{"line":63,"column":2},"end":{"line":73,"column":3}},"37":{"start":{"line":64,"column":4},"end":{"line":66,"column":5}},"38":{"start":{"line":65,"column":6},"end":{"line":65,"column":15}},"39":{"start":{"line":67,"column":4},"end":{"line":72,"column":5}},"40":{"start":{"line":68,"column":6},"end":{"line":71,"column":7}},"41":{"start":{"line":69,"column":8},"end":{"line":69,"column":74}},"42":{"start":{"line":70,"column":8},"end":{"line":70,"column":14}},"43":{"start":{"line":74,"column":2},"end":{"line":74,"column":15}},"44":{"start":{"line":78,"column":0},"end":{"line":92,"column":2}},"45":{"start":{"line":79,"column":2},"end":{"line":79,"column":21}},"46":{"start":{"line":80,"column":2},"end":{"line":80,"column":18}},"47":{"start":{"line":81,"column":2},"end":{"line":90,"column":3}},"48":{"start":{"line":82,"column":4},"end":{"line":82,"column":21}},"49":{"start":{"line":83,"column":4},"end":{"line":88,"column":5}},"50":{"start":{"line":84,"column":6},"end":{"line":84,"column":59}},"51":{"start":{"line":85,"column":6},"end":{"line":85,"column":50}},"52":{"start":{"line":87,"column":6},"end":{"line":87,"column":24}},"53":{"start":{"line":89,"column":4},"end":{"line":89,"column":17}},"54":{"start":{"line":91,"column":2},"end":{"line":91,"column":19}},"55":{"start":{"line":96,"column":0},"end":{"line":111,"column":2}},"56":{"start":{"line":97,"column":2},"end":{"line":97,"column":22}},"57":{"start":{"line":98,"column":2},"end":{"line":109,"column":3}},"58":{"start":{"line":99,"column":4},"end":{"line":108,"column":5}},"59":{"start":{"line":100,"column":6},"end":{"line":100,"column":34}},"60":{"start":{"line":102,"column":6},"end":{"line":107,"column":7}},"61":{"start":{"line":104,"column":8},"end":{"line":106,"column":9}},"62":{"start":{"line":105,"column":10},"end":{"line":105,"column":86}},"63":{"start":{"line":110,"column":2},"end":{"line":110,"column":17}},"64":{"start":{"line":113,"column":0},"end":{"line":120,"column":2}},"65":{"start":{"line":114,"column":2},"end":{"line":118,"column":3}},"66":{"start":{"line":115,"column":4},"end":{"line":117,"column":5}},"67":{"start":{"line":116,"column":6},"end":{"line":116,"column":54}},"68":{"start":{"line":119,"column":2},"end":{"line":119,"column":15}},"69":{"start":{"line":123,"column":0},"end":{"line":141,"column":2}},"70":{"start":{"line":124,"column":2},"end":{"line":139,"column":3}},"71":{"start":{"line":125,"column":4},"end":{"line":125,"column":21}},"72":{"start":{"line":126,"column":4},"end":{"line":138,"column":5}},"73":{"start":{"line":127,"column":6},"end":{"line":137,"column":7}},"74":{"start":{"line":128,"column":8},"end":{"line":128,"column":39}},"75":{"start":{"line":129,"column":13},"end":{"line":137,"column":7}},"76":{"start":{"line":130,"column":8},"end":{"line":130,"column":38}},"77":{"start":{"line":131,"column":13},"end":{"line":137,"column":7}},"78":{"start":{"line":132,"column":8},"end":{"line":132,"column":38}},"79":{"start":{"line":133,"column":13},"end":{"line":137,"column":7}},"80":{"start":{"line":134,"column":8},"end":{"line":134,"column":37}},"81":{"start":{"line":135,"column":13},"end":{"line":137,"column":7}},"82":{"start":{"line":136,"column":8},"end":{"line":136,"column":45}},"83":{"start":{"line":140,"column":2},"end":{"line":140,"column":15}},"84":{"start":{"line":143,"column":0},"end":{"line":160,"column":2}},"85":{"start":{"line":145,"column":2},"end":{"line":145,"column":37}},"86":{"start":{"line":146,"column":2},"end":{"line":146,"column":44}},"87":{"start":{"line":147,"column":2},"end":{"line":147,"column":34}},"88":{"start":{"line":148,"column":2},"end":{"line":148,"column":37}},"89":{"start":{"line":150,"column":2},"end":{"line":158,"column":3}},"90":{"start":{"line":151,"column":4},"end":{"line":151,"column":36}},"91":{"start":{"line":152,"column":4},"end":{"line":152,"column":40}},"92":{"start":{"line":153,"column":4},"end":{"line":153,"column":37}},"93":{"start":{"line":154,"column":4},"end":{"line":154,"column":37}},"94":{"start":{"line":155,"column":4},"end":{"line":155,"column":36}},"95":{"start":{"line":156,"column":4},"end":{"line":156,"column":46}},"96":{"start":{"line":157,"column":4},"end":{"line":157,"column":37}},"97":{"start":{"line":159,"column":2},"end":{"line":159,"column":17}},"98":{"start":{"line":162,"column":0},"end":{"line":162,"column":24}}},"branchMap":{"1":{"line":14,"type":"binary-expr","locations":[{"start":{"line":14,"column":10},"end":{"line":14,"column":31}},{"start":{"line":14,"column":35},"end":{"line":14,"column":43}}]},"2":{"line":24,"type":"if","locations":[{"start":{"line":24,"column":4},"end":{"line":24,"column":4}},{"start":{"line":24,"column":4},"end":{"line":24,"column":4}}]},"3":{"line":28,"type":"if","locations":[{"start":{"line":28,"column":4},"end":{"line":28,"column":4}},{"start":{"line":28,"column":4},"end":{"line":28,"column":4}}]},"4":{"line":33,"type":"if","locations":[{"start":{"line":33,"column":4},"end":{"line":33,"column":4}},{"start":{"line":33,"column":4},"end":{"line":33,"column":4}}]},"5":{"line":35,"type":"if","locations":[{"start":{"line":35,"column":6},"end":{"line":35,"column":6}},{"start":{"line":35,"column":6},"end":{"line":35,"column":6}}]},"6":{"line":38,"type":"if","locations":[{"start":{"line":38,"column":6},"end":{"line":38,"column":6}},{"start":{"line":38,"column":6},"end":{"line":38,"column":6}}]},"7":{"line":49,"type":"if","locations":[{"start":{"line":49,"column":2},"end":{"line":49,"column":2}},{"start":{"line":49,"column":2},"end":{"line":49,"column":2}}]},"8":{"line":54,"type":"if","locations":[{"start":{"line":54,"column":4},"end":{"line":54,"column":4}},{"start":{"line":54,"column":4},"end":{"line":54,"column":4}}]},"9":{"line":54,"type":"binary-expr","locations":[{"start":{"line":54,"column":8},"end":{"line":54,"column":29}},{"start":{"line":54,"column":33},"end":{"line":54,"column":54}}]},"10":{"line":64,"type":"if","locations":[{"start":{"line":64,"column":4},"end":{"line":64,"column":4}},{"start":{"line":64,"column":4},"end":{"line":64,"column":4}}]},"11":{"line":68,"type":"if","locations":[{"start":{"line":68,"column":6},"end":{"line":68,"column":6}},{"start":{"line":68,"column":6},"end":{"line":68,"column":6}}]},"12":{"line":68,"type":"binary-expr","locations":[{"start":{"line":68,"column":10},"end":{"line":68,"column":36}},{"start":{"line":68,"column":40},"end":{"line":68,"column":80}}]},"13":{"line":83,"type":"if","locations":[{"start":{"line":83,"column":4},"end":{"line":83,"column":4}},{"start":{"line":83,"column":4},"end":{"line":83,"column":4}}]},"14":{"line":83,"type":"binary-expr","locations":[{"start":{"line":83,"column":8},"end":{"line":83,"column":21}},{"start":{"line":83,"column":25},"end":{"line":83,"column":39}}]},"15":{"line":102,"type":"if","locations":[{"start":{"line":102,"column":6},"end":{"line":102,"column":6}},{"start":{"line":102,"column":6},"end":{"line":102,"column":6}}]},"16":{"line":115,"type":"if","locations":[{"start":{"line":115,"column":4},"end":{"line":115,"column":4}},{"start":{"line":115,"column":4},"end":{"line":115,"column":4}}]},"17":{"line":115,"type":"binary-expr","locations":[{"start":{"line":115,"column":8},"end":{"line":115,"column":28}},{"start":{"line":115,"column":32},"end":{"line":115,"column":62}}]},"18":{"line":126,"type":"if","locations":[{"start":{"line":126,"column":4},"end":{"line":126,"column":4}},{"start":{"line":126,"column":4},"end":{"line":126,"column":4}}]},"19":{"line":127,"type":"if","locations":[{"start":{"line":127,"column":6},"end":{"line":127,"column":6}},{"start":{"line":127,"column":6},"end":{"line":127,"column":6}}]},"20":{"line":129,"type":"if","locations":[{"start":{"line":129,"column":13},"end":{"line":129,"column":13}},{"start":{"line":129,"column":13},"end":{"line":129,"column":13}}]},"21":{"line":131,"type":"if","locations":[{"start":{"line":131,"column":13},"end":{"line":131,"column":13}},{"start":{"line":131,"column":13},"end":{"line":131,"column":13}}]},"22":{"line":133,"type":"if","locations":[{"start":{"line":133,"column":13},"end":{"line":133,"column":13}},{"start":{"line":133,"column":13},"end":{"line":133,"column":13}}]},"23":{"line":135,"type":"if","locations":[{"start":{"line":135,"column":13},"end":{"line":135,"column":13}},{"start":{"line":135,"column":13},"end":{"line":135,"column":13}}]}}},"/home/spencer/mountain/nlp_compromise/src/sentence/pos/contractions.js":{"path":"/home/spencer/mountain/nlp_compromise/src/sentence/pos/contractions.js","s":{"1":1,"2":1,"3":1,"4":1,"5":10,"6":25,"7":0,"8":25,"9":5,"10":20,"11":2,"12":3,"13":1,"14":101,"15":440,"16":440,"17":0,"18":0,"19":0,"20":0,"21":0,"22":101,"23":1,"24":212,"25":834,"26":834,"27":10,"28":10,"29":10,"30":10,"31":10,"32":202,"33":1},"b":{"1":[0,25],"2":[5,20],"3":[2,18],"4":[0,440],"5":[10,824]},"f":{"1":10,"2":101,"3":212},"fnMap":{"1":{"name":"(anonymous_1)","line":43,"loc":{"start":{"line":43,"column":17},"end":{"line":43,"column":33}}},"2":{"name":"(anonymous_2)","line":61,"loc":{"start":{"line":61,"column":18},"end":{"line":61,"column":34}}},"3":{"name":"(anonymous_3)","line":79,"loc":{"start":{"line":79,"column":18},"end":{"line":79,"column":34}}}},"statementMap":{"1":{"start":{"line":4,"column":0},"end":{"line":4,"column":61}},"2":{"start":{"line":6,"column":0},"end":{"line":28,"column":2}},"3":{"start":{"line":29,"column":0},"end":{"line":39,"column":2}},"4":{"start":{"line":43,"column":0},"end":{"line":59,"column":2}},"5":{"start":{"line":44,"column":2},"end":{"line":57,"column":3}},"6":{"start":{"line":46,"column":4},"end":{"line":48,"column":5}},"7":{"start":{"line":47,"column":6},"end":{"line":47,"column":18}},"8":{"start":{"line":50,"column":4},"end":{"line":52,"column":5}},"9":{"start":{"line":51,"column":6},"end":{"line":51,"column":19}},"10":{"start":{"line":54,"column":4},"end":{"line":56,"column":5}},"11":{"start":{"line":55,"column":6},"end":{"line":55,"column":18}},"12":{"start":{"line":58,"column":2},"end":{"line":58,"column":14}},"13":{"start":{"line":61,"column":0},"end":{"line":77,"column":2}},"14":{"start":{"line":62,"column":2},"end":{"line":75,"column":3}},"15":{"start":{"line":63,"column":4},"end":{"line":63,"column":23}},"16":{"start":{"line":64,"column":4},"end":{"line":74,"column":5}},"17":{"start":{"line":65,"column":6},"end":{"line":65,"column":51}},"18":{"start":{"line":66,"column":6},"end":{"line":66,"column":48}},"19":{"start":{"line":67,"column":6},"end":{"line":67,"column":66}},"20":{"start":{"line":68,"column":6},"end":{"line":72,"column":8}},"21":{"start":{"line":73,"column":6},"end":{"line":73,"column":30}},"22":{"start":{"line":76,"column":2},"end":{"line":76,"column":15}},"23":{"start":{"line":79,"column":0},"end":{"line":95,"column":2}},"24":{"start":{"line":80,"column":2},"end":{"line":93,"column":3}},"25":{"start":{"line":81,"column":4},"end":{"line":81,"column":23}},"26":{"start":{"line":82,"column":4},"end":{"line":92,"column":5}},"27":{"start":{"line":83,"column":6},"end":{"line":83,"column":40}},"28":{"start":{"line":84,"column":6},"end":{"line":84,"column":58}},"29":{"start":{"line":85,"column":6},"end":{"line":85,"column":66}},"30":{"start":{"line":86,"column":6},"end":{"line":90,"column":8}},"31":{"start":{"line":91,"column":6},"end":{"line":91,"column":30}},"32":{"start":{"line":94,"column":2},"end":{"line":94,"column":15}},"33":{"start":{"line":98,"column":0},"end":{"line":101,"column":2}}},"branchMap":{"1":{"line":46,"type":"if","locations":[{"start":{"line":46,"column":4},"end":{"line":46,"column":4}},{"start":{"line":46,"column":4},"end":{"line":46,"column":4}}]},"2":{"line":50,"type":"if","locations":[{"start":{"line":50,"column":4},"end":{"line":50,"column":4}},{"start":{"line":50,"column":4},"end":{"line":50,"column":4}}]},"3":{"line":54,"type":"if","locations":[{"start":{"line":54,"column":4},"end":{"line":54,"column":4}},{"start":{"line":54,"column":4},"end":{"line":54,"column":4}}]},"4":{"line":64,"type":"if","locations":[{"start":{"line":64,"column":4},"end":{"line":64,"column":4}},{"start":{"line":64,"column":4},"end":{"line":64,"column":4}}]},"5":{"line":82,"type":"if","locations":[{"start":{"line":82,"column":4},"end":{"line":82,"column":4}},{"start":{"line":82,"column":4},"end":{"line":82,"column":4}}]}}},"/home/spencer/mountain/nlp_compromise/src/sentence/pos/parts_of_speech.js":{"path":"/home/spencer/mountain/nlp_compromise/src/sentence/pos/parts_of_speech.js","s":{"1":1,"2":1,"3":1,"4":1,"5":1,"6":1,"7":1,"8":1,"9":1,"10":1,"11":1,"12":1,"13":1},"b":{},"f":{},"fnMap":{},"statementMap":{"1":{"start":{"line":2,"column":0},"end":{"line":2,"column":43}},"2":{"start":{"line":4,"column":0},"end":{"line":4,"column":48}},"3":{"start":{"line":5,"column":0},"end":{"line":5,"column":54}},"4":{"start":{"line":6,"column":0},"end":{"line":6,"column":63}},"5":{"start":{"line":8,"column":0},"end":{"line":8,"column":48}},"6":{"start":{"line":9,"column":0},"end":{"line":9,"column":59}},"7":{"start":{"line":10,"column":0},"end":{"line":10,"column":56}},"8":{"start":{"line":11,"column":0},"end":{"line":11,"column":77}},"9":{"start":{"line":12,"column":0},"end":{"line":12,"column":56}},"10":{"start":{"line":13,"column":0},"end":{"line":13,"column":54}},"11":{"start":{"line":16,"column":0},"end":{"line":55,"column":2}},"12":{"start":{"line":57,"column":0},"end":{"line":94,"column":2}},"13":{"start":{"line":96,"column":0},"end":{"line":109,"column":2}}},"branchMap":{}},"/home/spencer/mountain/nlp_compromise/src/term/verb/verb.js":{"path":"/home/spencer/mountain/nlp_compromise/src/term/verb/verb.js","s":{"1":1,"2":1,"3":1,"4":1,"5":408,"6":408,"7":408,"8":408,"9":408,"10":408,"11":33,"12":3,"13":3,"14":3,"15":10,"16":3,"17":0,"18":295,"19":295,"20":2,"21":2,"22":2,"23":2,"24":2,"25":2,"26":2,"27":2,"28":0,"29":2,"30":2,"31":2,"32":2,"33":2,"34":0,"35":2,"36":2,"37":2,"38":5,"39":5,"40":0,"41":5,"42":5,"43":0,"44":5,"45":5,"46":1},"b":{"1":[33,375],"2":[408,118],"3":[3,7],"4":[2,0],"5":[0,2],"6":[0,2],"7":[0,5],"8":[0,5]},"f":{"1":408,"2":3,"3":295,"4":2,"5":2,"6":2,"7":5,"8":5},"fnMap":{"1":{"name":"(anonymous_1)","line":24,"loc":{"start":{"line":24,"column":13},"end":{"line":24,"column":24}}},"2":{"name":"(anonymous_2)","line":38,"loc":{"start":{"line":38,"column":13},"end":{"line":38,"column":16}}},"3":{"name":"(anonymous_3)","line":50,"loc":{"start":{"line":50,"column":11},"end":{"line":50,"column":14}}},"4":{"name":"(anonymous_4)","line":54,"loc":{"start":{"line":54,"column":9},"end":{"line":54,"column":12}}},"5":{"name":"(anonymous_5)","line":63,"loc":{"start":{"line":63,"column":12},"end":{"line":63,"column":15}}},"6":{"name":"(anonymous_6)","line":72,"loc":{"start":{"line":72,"column":11},"end":{"line":72,"column":14}}},"7":{"name":"(anonymous_7)","line":84,"loc":{"start":{"line":84,"column":12},"end":{"line":84,"column":15}}},"8":{"name":"(anonymous_8)","line":92,"loc":{"start":{"line":92,"column":8},"end":{"line":92,"column":15}}}},"statementMap":{"1":{"start":{"line":2,"column":0},"end":{"line":2,"column":35}},"2":{"start":{"line":3,"column":0},"end":{"line":3,"column":54}},"3":{"start":{"line":4,"column":0},"end":{"line":4,"column":38}},"4":{"start":{"line":6,"column":0},"end":{"line":21,"column":2}},"5":{"start":{"line":25,"column":4},"end":{"line":25,"column":15}},"6":{"start":{"line":26,"column":4},"end":{"line":26,"column":19}},"7":{"start":{"line":27,"column":4},"end":{"line":27,"column":28}},"8":{"start":{"line":28,"column":4},"end":{"line":28,"column":27}},"9":{"start":{"line":30,"column":4},"end":{"line":30,"column":25}},"10":{"start":{"line":31,"column":4},"end":{"line":33,"column":5}},"11":{"start":{"line":32,"column":6},"end":{"line":32,"column":43}},"12":{"start":{"line":40,"column":4},"end":{"line":40,"column":41}},"13":{"start":{"line":41,"column":4},"end":{"line":41,"column":46}},"14":{"start":{"line":42,"column":4},"end":{"line":46,"column":5}},"15":{"start":{"line":43,"column":6},"end":{"line":45,"column":7}},"16":{"start":{"line":44,"column":8},"end":{"line":44,"column":33}},"17":{"start":{"line":47,"column":4},"end":{"line":47,"column":42}},"18":{"start":{"line":51,"column":4},"end":{"line":51,"column":47}},"19":{"start":{"line":52,"column":4},"end":{"line":52,"column":29}},"20":{"start":{"line":55,"column":4},"end":{"line":55,"column":23}},"21":{"start":{"line":56,"column":4},"end":{"line":58,"column":5}},"22":{"start":{"line":57,"column":6},"end":{"line":57,"column":34}},"23":{"start":{"line":59,"column":4},"end":{"line":59,"column":31}},"24":{"start":{"line":60,"column":4},"end":{"line":60,"column":44}},"25":{"start":{"line":61,"column":4},"end":{"line":61,"column":36}},"26":{"start":{"line":64,"column":4},"end":{"line":64,"column":26}},"27":{"start":{"line":65,"column":4},"end":{"line":67,"column":5}},"28":{"start":{"line":66,"column":6},"end":{"line":66,"column":34}},"29":{"start":{"line":68,"column":4},"end":{"line":68,"column":31}},"30":{"start":{"line":69,"column":4},"end":{"line":69,"column":44}},"31":{"start":{"line":70,"column":4},"end":{"line":70,"column":36}},"32":{"start":{"line":73,"column":4},"end":{"line":73,"column":25}},"33":{"start":{"line":74,"column":4},"end":{"line":76,"column":5}},"34":{"start":{"line":75,"column":6},"end":{"line":75,"column":34}},"35":{"start":{"line":77,"column":4},"end":{"line":77,"column":31}},"36":{"start":{"line":78,"column":4},"end":{"line":78,"column":44}},"37":{"start":{"line":79,"column":4},"end":{"line":79,"column":36}},"38":{"start":{"line":85,"column":4},"end":{"line":85,"column":28}},"39":{"start":{"line":86,"column":4},"end":{"line":88,"column":5}},"40":{"start":{"line":87,"column":6},"end":{"line":87,"column":18}},"41":{"start":{"line":89,"column":4},"end":{"line":89,"column":17}},"42":{"start":{"line":93,"column":4},"end":{"line":95,"column":5}},"43":{"start":{"line":94,"column":6},"end":{"line":94,"column":23}},"44":{"start":{"line":96,"column":4},"end":{"line":96,"column":38}},"45":{"start":{"line":97,"column":4},"end":{"line":97,"column":21}},"46":{"start":{"line":106,"column":0},"end":{"line":106,"column":22}}},"branchMap":{"1":{"line":31,"type":"if","locations":[{"start":{"line":31,"column":4},"end":{"line":31,"column":4}},{"start":{"line":31,"column":4},"end":{"line":31,"column":4}}]},"2":{"line":31,"type":"binary-expr","locations":[{"start":{"line":31,"column":8},"end":{"line":31,"column":11}},{"start":{"line":31,"column":15},"end":{"line":31,"column":28}}]},"3":{"line":43,"type":"if","locations":[{"start":{"line":43,"column":6},"end":{"line":43,"column":6}},{"start":{"line":43,"column":6},"end":{"line":43,"column":6}}]},"4":{"line":56,"type":"if","locations":[{"start":{"line":56,"column":4},"end":{"line":56,"column":4}},{"start":{"line":56,"column":4},"end":{"line":56,"column":4}}]},"5":{"line":65,"type":"if","locations":[{"start":{"line":65,"column":4},"end":{"line":65,"column":4}},{"start":{"line":65,"column":4},"end":{"line":65,"column":4}}]},"6":{"line":74,"type":"if","locations":[{"start":{"line":74,"column":4},"end":{"line":74,"column":4}},{"start":{"line":74,"column":4},"end":{"line":74,"column":4}}]},"7":{"line":86,"type":"if","locations":[{"start":{"line":86,"column":4},"end":{"line":86,"column":4}},{"start":{"line":86,"column":4},"end":{"line":86,"column":4}}]},"8":{"line":93,"type":"if","locations":[{"start":{"line":93,"column":4},"end":{"line":93,"column":4}},{"start":{"line":93,"column":4},"end":{"line":93,"column":4}}]}}},"/home/spencer/mountain/nlp_compromise/src/term/verb/conjugate/conjugate.js":{"path":"/home/spencer/mountain/nlp_compromise/src/term/verb/conjugate/conjugate.js","s":{"1":1,"2":1,"3":1,"4":1,"5":1,"6":1,"7":1316,"8":0,"9":1316,"10":717,"11":215,"12":502,"13":1316,"14":1157,"15":1316,"16":732,"17":1316,"18":664,"19":213,"20":451,"21":1316,"22":89,"23":474,"24":1316,"25":1204,"26":1316,"27":1204,"28":1316,"29":1204,"30":1316,"31":1204,"32":1316,"33":1,"34":1324,"35":0,"36":1324,"37":1324,"38":8,"39":8,"40":8,"41":8,"42":8,"43":72,"44":72,"45":8,"46":1316,"47":1316,"48":1316,"49":1316,"50":1316,"51":1316,"52":1316,"53":89,"54":89,"55":1316,"56":1316,"57":1316,"58":1316,"59":1316,"60":1316,"61":2955,"62":1562,"63":1316,"64":1},"b":{"1":[0,1316],"2":[717,599],"3":[215,502],"4":[1157,159],"5":[732,584],"6":[664,652],"7":[213,451],"8":[89,1227],"9":[1204,112],"10":[1204,112],"11":[1204,1039],"12":[1204,112],"13":[1204,112],"14":[0,1324],"15":[8,1316],"16":[1324,8],"17":[72,0],"18":[89,1227],"19":[1316,0],"20":[1316,1128,1100],"21":[1562,1393]},"f":{"1":1316,"2":474,"3":1324,"4":72,"5":2955},"fnMap":{"1":{"name":"(anonymous_1)","line":11,"loc":{"start":{"line":11,"column":15},"end":{"line":11,"column":37}}},"2":{"name":"(anonymous_2)","line":37,"loc":{"start":{"line":37,"column":29},"end":{"line":37,"column":41}}},"3":{"name":"(anonymous_3)","line":60,"loc":{"start":{"line":60,"column":18},"end":{"line":60,"column":30}}},"4":{"name":"(anonymous_4)","line":72,"loc":{"start":{"line":72,"column":32},"end":{"line":72,"column":44}}},"5":{"name":"(anonymous_5)","line":106,"loc":{"start":{"line":106,"column":36},"end":{"line":106,"column":48}}}},"statementMap":{"1":{"start":{"line":3,"column":0},"end":{"line":3,"column":44}},"2":{"start":{"line":4,"column":0},"end":{"line":4,"column":49}},"3":{"start":{"line":5,"column":0},"end":{"line":5,"column":53}},"4":{"start":{"line":6,"column":0},"end":{"line":6,"column":65}},"5":{"start":{"line":7,"column":0},"end":{"line":7,"column":45}},"6":{"start":{"line":11,"column":0},"end":{"line":58,"column":2}},"7":{"start":{"line":12,"column":2},"end":{"line":14,"column":3}},"8":{"start":{"line":13,"column":4},"end":{"line":13,"column":15}},"9":{"start":{"line":15,"column":2},"end":{"line":21,"column":3}},"10":{"start":{"line":16,"column":4},"end":{"line":20,"column":5}},"11":{"start":{"line":17,"column":6},"end":{"line":17,"column":55}},"12":{"start":{"line":19,"column":6},"end":{"line":19,"column":42}},"13":{"start":{"line":22,"column":2},"end":{"line":24,"column":3}},"14":{"start":{"line":23,"column":4},"end":{"line":23,"column":46}},"15":{"start":{"line":25,"column":2},"end":{"line":27,"column":3}},"16":{"start":{"line":26,"column":4},"end":{"line":26,"column":39}},"17":{"start":{"line":28,"column":2},"end":{"line":34,"column":3}},"18":{"start":{"line":29,"column":4},"end":{"line":33,"column":5}},"19":{"start":{"line":30,"column":6},"end":{"line":30,"column":38}},"20":{"start":{"line":32,"column":6},"end":{"line":32,"column":39}},"21":{"start":{"line":36,"column":2},"end":{"line":40,"column":3}},"22":{"start":{"line":37,"column":4},"end":{"line":39,"column":7}},"23":{"start":{"line":38,"column":6},"end":{"line":38,"column":31}},"24":{"start":{"line":42,"column":2},"end":{"line":44,"column":3}},"25":{"start":{"line":43,"column":4},"end":{"line":43,"column":42}},"26":{"start":{"line":46,"column":2},"end":{"line":48,"column":3}},"27":{"start":{"line":47,"column":4},"end":{"line":47,"column":57}},"28":{"start":{"line":50,"column":2},"end":{"line":52,"column":3}},"29":{"start":{"line":51,"column":4},"end":{"line":51,"column":39}},"30":{"start":{"line":54,"column":2},"end":{"line":56,"column":3}},"31":{"start":{"line":55,"column":4},"end":{"line":55,"column":49}},"32":{"start":{"line":57,"column":2},"end":{"line":57,"column":13}},"33":{"start":{"line":60,"column":0},"end":{"line":112,"column":2}},"34":{"start":{"line":61,"column":2},"end":{"line":63,"column":3}},"35":{"start":{"line":62,"column":4},"end":{"line":62,"column":14}},"36":{"start":{"line":66,"column":2},"end":{"line":66,"column":215}},"37":{"start":{"line":67,"column":2},"end":{"line":78,"column":3}},"38":{"start":{"line":68,"column":4},"end":{"line":68,"column":43}},"39":{"start":{"line":69,"column":4},"end":{"line":69,"column":34}},"40":{"start":{"line":70,"column":4},"end":{"line":70,"column":30}},"41":{"start":{"line":71,"column":4},"end":{"line":71,"column":43}},"42":{"start":{"line":72,"column":4},"end":{"line":76,"column":7}},"43":{"start":{"line":73,"column":6},"end":{"line":75,"column":7}},"44":{"start":{"line":74,"column":8},"end":{"line":74,"column":36}},"45":{"start":{"line":77,"column":4},"end":{"line":77,"column":18}},"46":{"start":{"line":81,"column":2},"end":{"line":81,"column":30}},"47":{"start":{"line":83,"column":2},"end":{"line":83,"column":31}},"48":{"start":{"line":85,"column":2},"end":{"line":85,"column":36}},"49":{"start":{"line":87,"column":2},"end":{"line":87,"column":31}},"50":{"start":{"line":90,"column":2},"end":{"line":90,"column":18}},"51":{"start":{"line":91,"column":2},"end":{"line":91,"column":66}},"52":{"start":{"line":92,"column":2},"end":{"line":95,"column":3}},"53":{"start":{"line":93,"column":4},"end":{"line":93,"column":22}},"54":{"start":{"line":94,"column":4},"end":{"line":94,"column":17}},"55":{"start":{"line":98,"column":2},"end":{"line":98,"column":47}},"56":{"start":{"line":100,"column":2},"end":{"line":100,"column":47}},"57":{"start":{"line":102,"column":2},"end":{"line":102,"column":68}},"58":{"start":{"line":103,"column":2},"end":{"line":103,"column":30}},"59":{"start":{"line":105,"column":2},"end":{"line":105,"column":49}},"60":{"start":{"line":106,"column":2},"end":{"line":110,"column":5}},"61":{"start":{"line":107,"column":4},"end":{"line":109,"column":5}},"62":{"start":{"line":108,"column":6},"end":{"line":108,"column":31}},"63":{"start":{"line":111,"column":2},"end":{"line":111,"column":29}},"64":{"start":{"line":113,"column":0},"end":{"line":113,"column":27}}},"branchMap":{"1":{"line":12,"type":"if","locations":[{"start":{"line":12,"column":2},"end":{"line":12,"column":2}},{"start":{"line":12,"column":2},"end":{"line":12,"column":2}}]},"2":{"line":15,"type":"if","locations":[{"start":{"line":15,"column":2},"end":{"line":15,"column":2}},{"start":{"line":15,"column":2},"end":{"line":15,"column":2}}]},"3":{"line":16,"type":"if","locations":[{"start":{"line":16,"column":4},"end":{"line":16,"column":4}},{"start":{"line":16,"column":4},"end":{"line":16,"column":4}}]},"4":{"line":22,"type":"if","locations":[{"start":{"line":22,"column":2},"end":{"line":22,"column":2}},{"start":{"line":22,"column":2},"end":{"line":22,"column":2}}]},"5":{"line":25,"type":"if","locations":[{"start":{"line":25,"column":2},"end":{"line":25,"column":2}},{"start":{"line":25,"column":2},"end":{"line":25,"column":2}}]},"6":{"line":28,"type":"if","locations":[{"start":{"line":28,"column":2},"end":{"line":28,"column":2}},{"start":{"line":28,"column":2},"end":{"line":28,"column":2}}]},"7":{"line":29,"type":"if","locations":[{"start":{"line":29,"column":4},"end":{"line":29,"column":4}},{"start":{"line":29,"column":4},"end":{"line":29,"column":4}}]},"8":{"line":36,"type":"if","locations":[{"start":{"line":36,"column":2},"end":{"line":36,"column":2}},{"start":{"line":36,"column":2},"end":{"line":36,"column":2}}]},"9":{"line":42,"type":"if","locations":[{"start":{"line":42,"column":2},"end":{"line":42,"column":2}},{"start":{"line":42,"column":2},"end":{"line":42,"column":2}}]},"10":{"line":46,"type":"if","locations":[{"start":{"line":46,"column":2},"end":{"line":46,"column":2}},{"start":{"line":46,"column":2},"end":{"line":46,"column":2}}]},"11":{"line":47,"type":"binary-expr","locations":[{"start":{"line":47,"column":29},"end":{"line":47,"column":43}},{"start":{"line":47,"column":47},"end":{"line":47,"column":55}}]},"12":{"line":50,"type":"if","locations":[{"start":{"line":50,"column":2},"end":{"line":50,"column":2}},{"start":{"line":50,"column":2},"end":{"line":50,"column":2}}]},"13":{"line":54,"type":"if","locations":[{"start":{"line":54,"column":2},"end":{"line":54,"column":2}},{"start":{"line":54,"column":2},"end":{"line":54,"column":2}}]},"14":{"line":61,"type":"if","locations":[{"start":{"line":61,"column":2},"end":{"line":61,"column":2}},{"start":{"line":61,"column":2},"end":{"line":61,"column":2}}]},"15":{"line":67,"type":"if","locations":[{"start":{"line":67,"column":2},"end":{"line":67,"column":2}},{"start":{"line":67,"column":2},"end":{"line":67,"column":2}}]},"16":{"line":67,"type":"binary-expr","locations":[{"start":{"line":67,"column":6},"end":{"line":67,"column":18}},{"start":{"line":67,"column":22},"end":{"line":67,"column":42}}]},"17":{"line":73,"type":"if","locations":[{"start":{"line":73,"column":6},"end":{"line":73,"column":6}},{"start":{"line":73,"column":6},"end":{"line":73,"column":6}}]},"18":{"line":92,"type":"if","locations":[{"start":{"line":92,"column":2},"end":{"line":92,"column":2}},{"start":{"line":92,"column":2},"end":{"line":92,"column":2}}]},"19":{"line":98,"type":"binary-expr","locations":[{"start":{"line":98,"column":20},"end":{"line":98,"column":30}},{"start":{"line":98,"column":34},"end":{"line":98,"column":46}}]},"20":{"line":102,"type":"binary-expr","locations":[{"start":{"line":102,"column":12},"end":{"line":102,"column":30}},{"start":{"line":102,"column":34},"end":{"line":102,"column":61}},{"start":{"line":102,"column":65},"end":{"line":102,"column":67}}]},"21":{"line":107,"type":"if","locations":[{"start":{
[...]
olumn":0},"end":{"line":103,"column":17}},"18":{"start":{"line":104,"column":0},"end":{"line":104,"column":35}},"19":{"start":{"line":105,"column":0},"end":{"line":118,"column":3}},"20":{"start":{"line":106,"column":2},"end":{"line":106,"column":23}},"21":{"start":{"line":107,"column":2},"end":{"line":107,"column":18}},"22":{"start":{"line":108,"column":2},"end":{"line":108,"column":22}},"23":{"start":{"line":109,"column":2},"end":{"line":111,"column":3}},"24":{"start":{"line":110,"column":4},"end":{"line":110,"column":39}},"25":{"start":{"line":112,"column":2},"end":{"line":117,"column":5}},"26":{"start":{"line":113,"column":4},"end":{"line":113,"column":46}},"27":{"start":{"line":114,"column":4},"end":{"line":116,"column":5}},"28":{"start":{"line":115,"column":6},"end":{"line":115,"column":30}},"29":{"start":{"line":121,"column":0},"end":{"line":121,"column":22}}},"branchMap":{"1":{"line":109,"type":"if","locations":[{"start":{"line":109,"column":2},"end":{"line":109,"column":2}},{"start":{"line":109,"column":2},"end":{"line":109,"column":2}}]},"2":{"line":114,"type":"if","locations":[{"start":{"line":114,"column":4},"end":{"line":114,"column":4}},{"start":{"line":114,"column":4},"end":{"line":114,"column":4}}]}}},"/home/spencer/mountain/nlp_compromise/src/sentence/pos/word_rules.js":{"path":"/home/spencer/mountain/nlp_compromise/src/sentence/pos/word_rules.js","s":{"1":1,"2":1,"3":111},"b":{},"f":{"1":111},"fnMap":{"1":{"name":"(anonymous_1)","line":115,"loc":{"start":{"line":115,"column":6},"end":{"line":115,"column":18}}}},"statementMap":{"1":{"start":{"line":1,"column":0},"end":{"line":1,"column":64}},"2":{"start":{"line":3,"column":0},"end":{"line":120,"column":3}},"3":{"start":{"line":116,"column":2},"end":{"line":119,"column":4}}},"branchMap":{}},"/home/spencer/mountain/nlp_compromise/src/sentence/pos/grammar_rules.js":{"path":"/home/spencer/mountain/nlp_compromise/src/sentence/pos/grammar_rules.js","s":{"1":1},"b":{},"f":{},"fnMap":{},"statementMap":{"1":{"start":{"line":1,"column":0},"end":{"line":98,"column":2}}},"branchMap":{}},"/home/spencer/mountain/nlp_compromise/src/sentence/pos/fancy_lumping.js":{"path":"/home/spencer/mountain/nlp_compromise/src/sentence/pos/fancy_lumping.js","s":{"1":1,"2":1,"3":433,"4":0,"5":433,"6":433,"7":2596,"8":1,"9":432,"10":1,"11":622,"12":1,"13":621,"14":621,"15":5466,"16":24,"17":597,"18":1,"19":202,"20":622,"21":622,"22":622,"23":622,"24":622,"25":24,"26":24,"27":24,"28":24,"29":24,"30":598,"31":433,"32":433,"33":1,"34":1,"35":1,"36":1,"37":1,"38":1,"39":202,"40":824,"41":202,"42":1},"b":{"1":[0,433],"2":[433,433,433],"3":[433,182,0],"4":[433,182,0],"5":[433,0,0],"6":[433,113,1],"7":[433,0,0],"8":[433,0,0],"9":[1,2595],"10":[1,621],"11":[622,621],"12":[621,113,620,3],"13":[621,3],"14":[621,113],"15":[621,5],"16":[621,5],"17":[621,140,620,71],"18":[621,2],"19":[621,1],"20":[621,1],"21":[24,5442],"22":[24,598],"23":[24,0],"24":[433,165],"25":[1,432],"26":[1,0]},"f":{"1":433,"2":622,"3":202,"4":824},"fnMap":{"1":{"name":"(anonymous_1)","line":5,"loc":{"start":{"line":5,"column":24},"end":{"line":5,"column":42}}},"2":{"name":"(anonymous_2)","line":43,"loc":{"start":{"line":43,"column":22},"end":{"line":43,"column":37}}},"3":{"name":"(anonymous_3)","line":94,"loc":{"start":{"line":94,"column":22},"end":{"line":94,"column":38}}},"4":{"name":"(anonymous_4)","line":125,"loc":{"start":{"line":125,"column":23},"end":{"line":125,"column":35}}}},"statementMap":{"1":{"start":{"line":3,"column":0},"end":{"line":3,"column":41}},"2":{"start":{"line":5,"column":0},"end":{"line":41,"column":2}},"3":{"start":{"line":6,"column":2},"end":{"line":8,"column":3}},"4":{"start":{"line":7,"column":4},"end":{"line":7,"column":17}},"5":{"start":{"line":9,"column":2},"end":{"line":34,"column":4}},"6":{"start":{"line":35,"column":2},"end":{"line":39,"column":3}},"7":{"start":{"line":36,"column":4},"end":{"line":38,"column":5}},"8":{"start":{"line":37,"column":6},"end":{"line":37,"column":34}},"9":{"start":{"line":40,"column":2},"end":{"line":40,"column":15}},"10":{"start":{"line":43,"column":0},"end":{"line":91,"column":2}},"11":{"start":{"line":44,"column":2},"end":{"line":46,"column":3}},"12":{"start":{"line":45,"column":4},"end":{"line":45,"column":17}},"13":{"start":{"line":47,"column":2},"end":{"line":84,"column":4}},"14":{"start":{"line":85,"column":2},"end":{"line":89,"column":3}},"15":{"start":{"line":86,"column":4},"end":{"line":88,"column":5}},"16":{"start":{"line":87,"column":6},"end":{"line":87,"column":34}},"17":{"start":{"line":90,"column":2},"end":{"line":90,"column":15}},"18":{"start":{"line":94,"column":0},"end":{"line":129,"column":2}},"19":{"start":{"line":95,"column":2},"end":{"line":123,"column":3}},"20":{"start":{"line":96,"column":4},"end":{"line":96,"column":25}},"21":{"start":{"line":97,"column":4},"end":{"line":97,"column":21}},"22":{"start":{"line":98,"column":4},"end":{"line":98,"column":25}},"23":{"start":{"line":101,"column":4},"end":{"line":101,"column":34}},"24":{"start":{"line":102,"column":4},"end":{"line":108,"column":5}},"25":{"start":{"line":103,"column":6},"end":{"line":103,"column":49}},"26":{"start":{"line":104,"column":6},"end":{"line":104,"column":52}},"27":{"start":{"line":105,"column":6},"end":{"line":105,"column":58}},"28":{"start":{"line":106,"column":6},"end":{"line":106,"column":26}},"29":{"start":{"line":107,"column":6},"end":{"line":107,"column":15}},"30":{"start":{"line":111,"column":4},"end":{"line":121,"column":5}},"31":{"start":{"line":112,"column":6},"end":{"line":112,"column":37}},"32":{"start":{"line":113,"column":6},"end":{"line":120,"column":7}},"33":{"start":{"line":114,"column":8},"end":{"line":114,"column":51}},"34":{"start":{"line":115,"column":8},"end":{"line":115,"column":71}},"35":{"start":{"line":116,"column":8},"end":{"line":116,"column":64}},"36":{"start":{"line":117,"column":8},"end":{"line":117,"column":24}},"37":{"start":{"line":118,"column":8},"end":{"line":118,"column":28}},"38":{"start":{"line":119,"column":8},"end":{"line":119,"column":17}},"39":{"start":{"line":125,"column":2},"end":{"line":127,"column":5}},"40":{"start":{"line":126,"column":4},"end":{"line":126,"column":22}},"41":{"start":{"line":128,"column":2},"end":{"line":128,"column":15}},"42":{"start":{"line":132,"column":0},"end":{"line":132,"column":31}}},"branchMap":{"1":{"line":6,"type":"if","locations":[{"start":{"line":6,"column":2},"end":{"line":6,"column":2}},{"start":{"line":6,"column":2},"end":{"line":6,"column":2}}]},"2":{"line":6,"type":"binary-expr","locations":[{"start":{"line":6,"column":6},"end":{"line":6,"column":8}},{"start":{"line":6,"column":12},"end":{"line":6,"column":14}},{"start":{"line":6,"column":18},"end":{"line":6,"column":20}}]},"3":{"line":11,"type":"binary-expr","locations":[{"start":{"line":11,"column":18},"end":{"line":11,"column":28}},{"start":{"line":11,"column":32},"end":{"line":11,"column":46}},{"start":{"line":11,"column":50},"end":{"line":11,"column":60}}]},"4":{"line":15,"type":"binary-expr","locations":[{"start":{"line":15,"column":18},"end":{"line":15,"column":28}},{"start":{"line":15,"column":32},"end":{"line":15,"column":46}},{"start":{"line":15,"column":50},"end":{"line":15,"column":60}}]},"5":{"line":19,"type":"binary-expr","locations":[{"start":{"line":19,"column":18},"end":{"line":19,"column":28}},{"start":{"line":19,"column":32},"end":{"line":19,"column":50}},{"start":{"line":19,"column":54},"end":{"line":19,"column":65}}]},"6":{"line":23,"type":"binary-expr","locations":[{"start":{"line":23,"column":18},"end":{"line":23,"column":32}},{"start":{"line":23,"column":36},"end":{"line":23,"column":53}},{"start":{"line":23,"column":57},"end":{"line":23,"column":71}}]},"7":{"line":27,"type":"binary-expr","locations":[{"start":{"line":27,"column":18},"end":{"line":27,"column":39}},{"start":{"line":27,"column":43},"end":{"line":27,"column":64}},{"start":{"line":27,"column":68},"end":{"line":27,"column":84}}]},"8":{"line":31,"type":"binary-expr","locations":[{"start":{"line":31,"column":18},"end":{"line":31,"column":37}},{"start":{"line":31,"column":41},"end":{"line":31,"column":60}},{"start":{"line":31,"column":64},"end":{"line":31,"column":74}}]},"9":{"line":36,"type":"if","locations":[{"start":{"line":36,"column":4},"end":{"line":36,"column":4}},{"start":{"line":36,"column":4},"end":{"line":36,"column":4}}]},"10":{"line":44,"type":"if","locations":[{"start":{"line":44,"column":2},"end":{"line":44,"column":2}},{"start":{"line":44,"column":2},"end":{"line":44,"column":2}}]},"11":{"line":44,"type":"binary-expr","locations":[{"start":{"line":44,"column":6},"end":{"line":44,"column":8}},{"start":{"line":44,"column":12},"end":{"line":44,"column":14}}]},"12":{"line":49,"type":"binary-expr","locations":[{"start":{"line":49,"column":18},"end":{"line":49,"column":30}},{"start":{"line":49,"column":34},"end":{"line":49,"column":50}},{"start":{"line":49,"column":54},"end":{"line":49,"column":70}},{"start":{"line":49,"column":74},"end":{"line":49,"column":86}}]},"13":{"line":53,"type":"binary-expr","locations":[{"start":{"line":53,"column":18},"end":{"line":53,"column":34}},{"start":{"line":53,"column":38},"end":{"line":53,"column":52}}]},"14":{"line":57,"type":"binary-expr","locations":[{"start":{"line":57,"column":18},"end":{"line":57,"column":30}},{"start":{"line":57,"column":34},"end":{"line":57,"column":48}}]},"15":{"line":61,"type":"binary-expr","locations":[{"start":{"line":61,"column":18},"end":{"line":61,"column":28}},{"start":{"line":61,"column":32},"end":{"line":61,"column":43}}]},"16":{"line":65,"type":"binary-expr","locations":[{"start":{"line":65,"column":18},"end":{"line":65,"column":29}},{"start":{"line":65,"column":33},"end":{"line":65,"column":43}}]},"17":{"line":69,"type":"binary-expr","locations":[{"start":{"line":69,"column":18},"end":{"line":69,"column":32}},{"start":{"line":69,"column":36},"end":{"line":69,"column":57}},{"start":{"line":69,"column":61},"end":{"line":69,"column":75}},{"start":{"line":69,"column":79},"end":{"line":69,"column":100}}]},"18":{"line":73,"type":"binary-expr","locations":[{"start":{"line":73,"column":18},"end":{"line":73,"column":39}},{"start":{"line":73,"column":43},"end":{"line":73,"column":64}}]},"19":{"line":77,"type":"binary-expr","locations":[{"start":{"line":77,"column":18},"end":{"line":77,"column":37}},{"start":{"line":77,"column":41},"end":{"line":77,"column":51}}]},"20":{"line":81,"type":"binary-expr","locations":[{"start":{"line":81,"column":18},"end":{"line":81,"column":51}},{"start":{"line":81,"column":55},"end":{"line":81,"column":65}}]},"21":{"line":86,"type":"if","locations":[{"start":{"line":86,"column":4},"end":{"line":86,"column":4}},{"start":{"line":86,"column":4},"end":{"line":86,"column":4}}]},"22":{"line":102,"type":"if","locations":[{"start":{"line":102,"column":4},"end":{"line":102,"column":4}},{"start":{"line":102,"column":4},"end":{"line":102,"column":4}}]},"23":{"line":103,"type":"binary-expr","locations":[{"start":{"line":103,"column":15},"end":{"line":103,"column":36}},{"start":{"line":103,"column":40},"end":{"line":103,"column":48}}]},"24":{"line":111,"type":"if","locations":[{"start":{"line":111,"column":4},"end":{"line":111,"column":4}},{"start":{"line":111,"column":4},"end":{"line":111,"column":4}}]},"25":{"line":113,"type":"if","locations":[{"start":{"line":113,"column":6},"end":{"line":113,"column":6}},{"start":{"line":113,"column":6},"end":{"line":113,"column":6}}]},"26":{"line":114,"type":"binary-expr","locations":[{"start":{"line":114,"column":17},"end":{"line":114,"column":38}},{"start":{"line":114,"column":42},"end":{"line":114,"column":50}}]}}},"/home/spencer/mountain/nlp_compromise/src/sentence/pos/phrasal_verbs.js":{"path":"/home/spencer/mountain/nlp_compromise/src/sentence/pos/phrasal_verbs.js","s":{"1":1,"2":1,"3":31,"4":31,"5":1,"6":202,"7":620,"8":14,"9":6,"10":8,"11":8,"12":8,"13":8,"14":8,"15":202,"16":822,"17":202,"18":1},"b":{"1":[14,606],"2":[620,614,182],"3":[6,8]},"f":{"1":31,"2":202,"3":822},"fnMap":{"1":{"name":"(anonymous_1)","line":9,"loc":{"start":{"line":9,"column":29},"end":{"line":9,"column":45}}},"2":{"name":"(anonymous_2)","line":15,"loc":{"start":{"line":15,"column":20},"end":{"line":15,"column":36}}},"3":{"name":"(anonymous_3)","line":30,"loc":{"start":{"line":30,"column":23},"end":{"line":30,"column":35}}}},"statementMap":{"1":{"start":{"line":8,"column":0},"end":{"line":8,"column":274}},"2":{"start":{"line":9,"column":0},"end":{"line":12,"column":7}},"3":{"start":{"line":10,"column":2},"end":{"line":10,"column":14}},"4":{"start":{"line":11,"column":2},"end":{"line":11,"column":11}},"5":{"start":{"line":15,"column":0},"end":{"line":34,"column":2}},"6":{"start":{"line":16,"column":2},"end":{"line":28,"column":3}},"7":{"start":{"line":17,"column":4},"end":{"line":27,"column":5}},"8":{"start":{"line":19,"column":6},"end":{"line":21,"column":7}},"9":{"start":{"line":20,"column":8},"end":{"line":20,"column":17}},"10":{"start":{"line":22,"column":6},"end":{"line":22,"column":62}},"11":{"start":{"line":23,"column":6},"end":{"line":23,"column":59}},"12":{"start":{"line":24,"column":6},"end":{"line":24,"column":26}},"13":{"start":{"line":25,"column":6},"end":{"line":25,"column":27}},"14":{"start":{"line":26,"column":6},"end":{"line":26,"column":27}},"15":{"start":{"line":30,"column":2},"end":{"line":32,"column":5}},"16":{"start":{"line":31,"column":4},"end":{"line":31,"column":22}},"17":{"start":{"line":33,"column":2},"end":{"line":33,"column":15}},"18":{"start":{"line":36,"column":0},"end":{"line":36,"column":31}}},"branchMap":{"1":{"line":17,"type":"if","locations":[{"start":{"line":17,"column":4},"end":{"line":17,"column":4}},{"start":{"line":17,"column":4},"end":{"line":17,"column":4}}]},"2":{"line":17,"type":"binary-expr","locations":[{"start":{"line":17,"column":8},"end":{"line":17,"column":16}},{"start":{"line":17,"column":20},"end":{"line":17,"column":40}},{"start":{"line":17,"column":44},"end":{"line":17,"column":74}}]},"3":{"line":19,"type":"if","locations":[{"start":{"line":19,"column":6},"end":{"line":19,"column":6}},{"start":{"line":19,"column":6},"end":{"line":19,"column":6}}]}}},"/home/spencer/mountain/nlp_compromise/src/sentence/passive_voice.js":{"path":"/home/spencer/mountain/nlp_compromise/src/sentence/passive_voice.js","s":{"1":1,"2":3,"3":3,"4":15,"5":2,"6":1,"7":1,"8":2,"9":1},"b":{"1":[2,13],"2":[15,2,2],"3":[1,1]},"f":{"1":3},"fnMap":{"1":{"name":"(anonymous_1)","line":7,"loc":{"start":{"line":7,"column":22},"end":{"line":7,"column":34}}}},"statementMap":{"1":{"start":{"line":7,"column":0},"end":{"line":19,"column":2}},"2":{"start":{"line":8,"column":2},"end":{"line":8,"column":22}},"3":{"start":{"line":9,"column":2},"end":{"line":17,"column":3}},"4":{"start":{"line":10,"column":4},"end":{"line":16,"column":5}},"5":{"start":{"line":12,"column":6},"end":{"line":14,"column":7}},"6":{"start":{"line":13,"column":8},"end":{"line":13,"column":17}},"7":{"start":{"line":15,"column":6},"end":{"line":15,"column":18}},"8":{"start":{"line":18,"column":2},"end":{"line":18,"column":15}},"9":{"start":{"line":21,"column":0},"end":{"line":21,"column":31}}},"branchMap":{"1":{"line":10,"type":"if","locations":[{"start":{"line":10,"column":4},"end":{"line":10,"column":4}},{"start":{"line":10,"column":4},"end":{"line":10,"column":4}}]},"2":{"line":10,"type":"binary-expr","locations":[{"start":{"line":10,"column":8},"end":{"line":10,"column":30}},{"start":{"line":10,"column":34},"end":{"line":10,"column":58}},{"start":{"line":10,"column":62},"end":{"line":10,"column":90}}]},"3":{"line":12,"type":"if","locations":[{"start":{"line":12,"column":6},"end":{"line":12,"column":6}},{"start":{"line":12,"column":6},"end":{"line":12,"column":6}}]}}},"/home/spencer/mountain/nlp_compromise/src/text/ngram.js":{"path":"/home/spencer/mountain/nlp_compromise/src/text/ngram.js","s":{"1":1,"2":1,"3":6,"4":6,"5":6,"6":6,"7":6,"8":6,"9":30,"10":6,"11":6,"12":22,"13":22,"14":22,"15":55,"16":36,"17":36,"18":19,"19":6,"20":24,"21":24,"22":24,"23":24,"24":50,"25":50,"26":50,"27":6,"28":6,"29":24,"30":31,"31":24,"32":6,"33":1},"b":{"1":[6,6],"2":[6,6],"3":[6,6],"4":[22,17],"5":[36,19],"6":[36,36],"7":[50,0]},"f":{"1":6,"2":24,"3":31},"fnMap":{"1":{"name":"(anonymous_1)","line":6,"loc":{"start":{"line":6,"column":14},"end":{"line":6,"column":39}}},"2":{"name":"(anonymous_2)","line":48,"loc":{"start":{"line":48,"column":24},"end":{"line":48,"column":36}}},"3":{"name":"(anonymous_3)","line":49,"loc":{"start":{"line":49,"column":15},"end":{"line":49,"column":30}}}},"statementMap":{"1":{"start":{"line":3,"column":0},"end":{"line":3,"column":33}},"2":{"start":{"line":6,"column":0},"end":{"line":55,"column":2}},"3":{"start":{"line":7,"column":2},"end":{"line":7,"column":26}},"4":{"start":{"line":8,"column":2},"end":{"line":8,"column":43}},"5":{"start":{"line":9,"column":2},"end":{"line":9,"column":41}},"6":{"start":{"line":10,"column":2},"end":{"line":10,"column":22}},"7":{"start":{"line":11,"column":2},"end":{"line":11,"column":19}},"8":{"start":{"line":13,"column":2},"end":{"line":15,"column":3}},"9":{"start":{"line":14,"column":4},"end":{"line":14,"column":18}},"10":{"start":{"line":17,"column":2},"end":{"line":17,"column":31}},"11":{"start":{"line":18,"column":2},"end":{"line":29,"column":3}},"12":{"start":{"line":19,"column":4},"end":{"line":19,"column":21}},"13":{"start":{"line":20,"column":4},"end":{"line":20,"column":39}},"14":{"start":{"line":21,"column":4},"end":{"line":28,"column":5}},"15":{"start":{"line":22,"column":6},"end":{"line":27,"column":7}},"16":{"start":{"line":23,"column":8},"end":{"line":23,"column":36}},"17":{"start":{"line":24,"column":8},"end":{"line":24,"column":43}},"18":{"start":{"line":26,"column":8},"end":{"line":26,"column":14}},"19":{"start":{"line":31,"column":2},"end":{"line":45,"column":3}},"20":{"start":{"line":32,"column":4},"end":{"line":32,"column":20}},"21":{"start":{"line":33,"column":4},"end":{"line":33,"column":24}},"22":{"start":{"line":34,"column":4},"end":{"line":34,"column":39}},"23":{"start":{"line":35,"column":4},"end":{"line":44,"column":5}},"24":{"start":{"line":36,"column":6},"end":{"line":36,"column":28}},"25":{"start":{"line":37,"column":6},"end":{"line":43,"column":7}},"26":{"start":{"line":38,"column":8},"end":{"line":42,"column":11}},"27":{"start":{"line":47,"column":2},"end":{"line":47,"column":33}},"28":{"start":{"line":48,"column":2},"end":{"line":53,"column":5}},"29":{"start":{"line":49,"column":4},"end":{"line":51,"column":7}},"30":{"start":{"line":50,"column":6},"end":{"line":50,"column":31}},"31":{"start":{"line":52,"column":4},"end":{"line":52,"column":13}},"32":{"start":{"line":54,"column":2},"end":{"line":54,"column":17}},"33":{"start":{"line":59,"column":0},"end":{"line":59,"column":23}}},"branchMap":{"1":{"line":7,"type":"binary-expr","locations":[{"start":{"line":7,"column":12},"end":{"line":7,"column":19}},{"start":{"line":7,"column":23},"end":{"line":7,"column":25}}]},"2":{"line":8,"type":"binary-expr","locations":[{"start":{"line":8,"column":20},"end":{"line":8,"column":37}},{"start":{"line":8,"column":41},"end":{"line":8,"column":42}}]},"3":{"line":9,"type":"binary-expr","locations":[{"start":{"line":9,"column":19},"end":{"line":9,"column":35}},{"start":{"line":9,"column":39},"end":{"line":9,"column":40}}]},"4":{"line":20,"type":"binary-expr","locations":[{"start":{"line":20,"column":18},"end":{"line":20,"column":28}},{"start":{"line":20,"column":32},"end":{"line":20,"column":33}}]},"5":{"line":22,"type":"if","locations":[{"start":{"line":22,"column":6},"end":{"line":22,"column":6}},{"start":{"line":22,"column":6},"end":{"line":22,"column":6}}]},"6":{"line":24,"type":"binary-expr","locations":[{"start":{"line":24,"column":22},"end":{"line":24,"column":32}},{"start":{"line":24,"column":36},"end":{"line":24,"column":37}}]},"7":{"line":37,"type":"if","locations":[{"start":{"line":37,"column":6},"end":{"line":37,"column":6}},{"start":{"line":37,"column":6},"end":{"line":37,"column":6}}]}}}}